2026-02-09 16:45:06,196 - INFO - Fichier de log: logs/3-mri-add_20260209_164506.log
2026-02-09 16:45:06,196 - INFO - ================================================================================
2026-02-09 16:45:06,196 - INFO - SCRIPT D'AJOUT DES FICHIERS IRM DANS BIDS
2026-02-09 16:45:06,196 - INFO - ================================================================================
2026-02-09 16:45:06,199 - INFO - Dossier IRM: /Users/hippolyte.dreyfus/Desktop/hemianotACS/Data/sourcedata/HEMIANOTACS_WIP/IRM
2026-02-09 16:45:06,199 - INFO - Dossier BIDS: /Users/hippolyte.dreyfus/Desktop/hemianotACS/Data/bids
2026-02-09 16:45:06,199 - INFO - Participants trouvés: 42
2026-02-09 16:45:06,199 - INFO -   - 001-CC
2026-02-09 16:45:06,199 - INFO -   - 002-ML
2026-02-09 16:45:06,199 - INFO -   - 003-RH
2026-02-09 16:45:06,199 - INFO -   - 004-LH
2026-02-09 16:45:06,199 - INFO -   - 005-KS
2026-02-09 16:45:06,200 - INFO -   - 006-HP
2026-02-09 16:45:06,200 - INFO -   - 007-PT
2026-02-09 16:45:06,200 - INFO -   - 008-AF
2026-02-09 16:45:06,200 - INFO -   - 009-GJ
2026-02-09 16:45:06,200 - INFO -   - 010-RB
2026-02-09 16:45:06,200 - INFO -   - 011-GD
2026-02-09 16:45:06,200 - INFO -   - 012-GA
2026-02-09 16:45:06,200 - INFO -   - 013-MP
2026-02-09 16:45:06,200 - INFO -   - 014-PJ
2026-02-09 16:45:06,200 - INFO -   - 015-BA
2026-02-09 16:45:06,200 - INFO -   - 016-LA
2026-02-09 16:45:06,200 - INFO -   - 017-TP
2026-02-09 16:45:06,200 - INFO -   - 018-AF
2026-02-09 16:45:06,200 - INFO -   - 019-PV
2026-02-09 16:45:06,200 - INFO -   - 020-CT
2026-02-09 16:45:06,200 - INFO -   - 021-AP
2026-02-09 16:45:06,200 - INFO -   - 022-TA
2026-02-09 16:45:06,200 - INFO -   - 023-BJ
2026-02-09 16:45:06,200 - INFO -   - 024-MA
2026-02-09 16:45:06,200 - INFO -   - 025-CA
2026-02-09 16:45:06,201 - INFO -   - 026-CD
2026-02-09 16:45:06,201 - INFO -   - 027-QM
2026-02-09 16:45:06,201 - INFO -   - 028-ZR
2026-02-09 16:45:06,201 - INFO -   - 029-DT
2026-02-09 16:45:06,201 - INFO -   - 030-BM
2026-02-09 16:45:06,201 - INFO -   - 031-CP
2026-02-09 16:45:06,201 - INFO -   - 032-DE
2026-02-09 16:45:06,201 - INFO -   - 033-OS
2026-02-09 16:45:06,201 - INFO -   - 034-BB
2026-02-09 16:45:06,201 - INFO -   - 035-BC
2026-02-09 16:45:06,202 - INFO -   - 036-PJ
2026-02-09 16:45:06,202 - INFO -   - 037-BS
2026-02-09 16:45:06,202 - INFO -   - 038-LL
2026-02-09 16:45:06,202 - INFO -   - 039-WA
2026-02-09 16:45:06,202 - INFO -   - 040-FD
2026-02-09 16:45:06,202 - INFO -   - 041-LR
2026-02-09 16:45:06,202 - INFO -   - 042-FM
2026-02-09 16:45:13,164 - INFO - ================================================================================
2026-02-09 16:45:13,165 - INFO - Traitement de: 001-CC
2026-02-09 16:45:13,165 - INFO - ================================================================================
2026-02-09 16:45:13,165 - INFO - Sujet détecté: sub-0001 (code: CC)
2026-02-09 16:45:13,165 - INFO - Session: ses-01
2026-02-09 16:45:13,165 - INFO - Étape 1: Analyse du dossier source...
2026-02-09 16:45:13,172 - INFO - ================================================================================
2026-02-09 16:45:13,172 - INFO - RÉSUMÉ DES FICHIERS IRM TROUVÉS
2026-02-09 16:45:13,172 - INFO - ================================================================================
2026-02-09 16:45:13,172 - INFO - 
T1W (4 fichiers)
2026-02-09 16:45:13,172 - INFO - --------------------------------------------------------------------------------
2026-02-09 16:45:13,173 - INFO -   3DT1_2.nii.gz                                      (  10.5 MB)
2026-02-09 16:45:13,173 - INFO -      └─ 3DT1_2.json
2026-02-09 16:45:13,173 - INFO -   3DT1_3.nii.gz                                      (  10.1 MB)
2026-02-09 16:45:13,173 - INFO -      └─ 3DT1_3.json
2026-02-09 16:45:13,173 - INFO - 
FLAIR (2 fichiers)
2026-02-09 16:45:13,173 - INFO - --------------------------------------------------------------------------------
2026-02-09 16:45:13,173 - INFO -   3DFLAIR_4.nii.gz                                   (  24.7 MB)
2026-02-09 16:45:13,173 - INFO -      └─ 3DFLAIR_4.json
2026-02-09 16:45:13,173 - INFO - 
FUNC (24 fichiers)
2026-02-09 16:45:13,174 - INFO - --------------------------------------------------------------------------------
2026-02-09 16:45:13,174 - INFO -   MB3_3echo_resting_5_e1.nii.gz                      (   0.3 MB)
2026-02-09 16:45:13,174 - INFO -      └─ MB3_3echo_resting_5_e1.json
2026-02-09 16:45:13,174 - INFO -   MB3_3echo_resting_5_e2.nii.gz                      (   0.3 MB)
2026-02-09 16:45:13,174 - INFO -      └─ MB3_3echo_resting_5_e2.json
2026-02-09 16:45:13,174 - INFO -   MB3_3echo_resting_5_e3.nii.gz                      (   0.2 MB)
2026-02-09 16:45:13,174 - INFO -      └─ MB3_3echo_resting_5_e3.json
2026-02-09 16:45:13,174 - INFO -   MB3_3echo_resting_6_e1.nii.gz                      ( 115.4 MB)
2026-02-09 16:45:13,174 - INFO -      └─ MB3_3echo_resting_6_e1.json
2026-02-09 16:45:13,174 - INFO -   MB3_3echo_resting_6_e2.nii.gz                      ( 101.0 MB)
2026-02-09 16:45:13,175 - INFO -      └─ MB3_3echo_resting_6_e2.json
2026-02-09 16:45:13,175 - INFO -   MB3_3echo_resting_6_e3.nii.gz                      (  89.8 MB)
2026-02-09 16:45:13,175 - INFO -      └─ MB3_3echo_resting_6_e3.json
2026-02-09 16:45:13,175 - INFO -   MB3_3echo_resting_refBLIP_7_e1.nii.gz              (   0.3 MB)
2026-02-09 16:45:13,175 - INFO -      └─ MB3_3echo_resting_refBLIP_7_e1.json
2026-02-09 16:45:13,175 - INFO -   MB3_3echo_resting_refBLIP_7_e2.nii.gz              (   0.3 MB)
2026-02-09 16:45:13,175 - INFO -      └─ MB3_3echo_resting_refBLIP_7_e2.json
2026-02-09 16:45:13,175 - INFO -   MB3_3echo_resting_refBLIP_7_e3.nii.gz              (   0.2 MB)
2026-02-09 16:45:13,175 - INFO -      └─ MB3_3echo_resting_refBLIP_7_e3.json
2026-02-09 16:45:13,175 - INFO -   MB3_3echo_resting_refBLIP_8_e1.nii.gz              (   1.1 MB)
2026-02-09 16:45:13,175 - INFO -      └─ MB3_3echo_resting_refBLIP_8_e1.json
2026-02-09 16:45:13,176 - INFO -   MB3_3echo_resting_refBLIP_8_e2.nii.gz              (   0.9 MB)
2026-02-09 16:45:13,176 - INFO -      └─ MB3_3echo_resting_refBLIP_8_e2.json
2026-02-09 16:45:13,176 - INFO -   MB3_3echo_resting_refBLIP_8_e3.nii.gz              (   0.9 MB)
2026-02-09 16:45:13,176 - INFO -      └─ MB3_3echo_resting_refBLIP_8_e3.json
2026-02-09 16:45:13,176 - INFO - 
DWI (24 fichiers)
2026-02-09 16:45:13,176 - INFO - --------------------------------------------------------------------------------
2026-02-09 16:45:13,176 - INFO -   MB3_EP2D_diff_D30_b700_AP_11.nii.gz                (  24.8 MB)
2026-02-09 16:45:13,176 - INFO -      └─ MB3_EP2D_diff_D30_b700_AP_11.json
2026-02-09 16:45:13,177 - INFO -      └─ MB3_EP2D_diff_D30_b700_AP_11.bval
2026-02-09 16:45:13,177 - INFO -      └─ MB3_EP2D_diff_D30_b700_AP_11.bvec
2026-02-09 16:45:13,177 - INFO -   MB3_EP2D_diff_D30_b700_PA_blip_12.nii.gz           (  24.6 MB)
2026-02-09 16:45:13,177 - INFO -      └─ MB3_EP2D_diff_D30_b700_PA_blip_12.json
2026-02-09 16:45:13,177 - INFO -      └─ MB3_EP2D_diff_D30_b700_PA_blip_12.bval
2026-02-09 16:45:13,177 - INFO -      └─ MB3_EP2D_diff_D30_b700_PA_blip_12.bvec
2026-02-09 16:45:13,178 - INFO -   MB3_EP2D_diff_D60_AP_9.nii.gz                      (  44.7 MB)
2026-02-09 16:45:13,178 - INFO -      └─ MB3_EP2D_diff_D60_AP_9.json
2026-02-09 16:45:13,178 - INFO -      └─ MB3_EP2D_diff_D60_AP_9.bval
2026-02-09 16:45:13,178 - INFO -      └─ MB3_EP2D_diff_D60_AP_9.bvec
2026-02-09 16:45:13,178 - INFO -   MB3_EP2D_diff_D60_PA_blip_10.nii.gz                (  44.2 MB)
2026-02-09 16:45:13,178 - INFO -      └─ MB3_EP2D_diff_D60_PA_blip_10.json
2026-02-09 16:45:13,178 - INFO -      └─ MB3_EP2D_diff_D60_PA_blip_10.bval
2026-02-09 16:45:13,178 - INFO -      └─ MB3_EP2D_diff_D60_PA_blip_10.bvec
2026-02-09 16:45:13,178 - INFO -   MB3_EP2D_diff_D8_b300_AP_13.nii.gz                 (   7.9 MB)
2026-02-09 16:45:13,178 - INFO -      └─ MB3_EP2D_diff_D8_b300_AP_13.json
2026-02-09 16:45:13,179 - INFO -      └─ MB3_EP2D_diff_D8_b300_AP_13.bval
2026-02-09 16:45:13,179 - INFO -      └─ MB3_EP2D_diff_D8_b300_AP_13.bvec
2026-02-09 16:45:13,179 - INFO -   MB3_EP2D_diff_D8_b300_PA_blip_14.nii.gz            (   7.8 MB)
2026-02-09 16:45:13,179 - INFO -      └─ MB3_EP2D_diff_D8_b300_PA_blip_14.json
2026-02-09 16:45:13,179 - INFO -      └─ MB3_EP2D_diff_D8_b300_PA_blip_14.bval
2026-02-09 16:45:13,179 - INFO -      └─ MB3_EP2D_diff_D8_b300_PA_blip_14.bvec
2026-02-09 16:45:13,179 - INFO - 
LOCALIZER (6 fichiers)
2026-02-09 16:45:13,179 - INFO - --------------------------------------------------------------------------------
2026-02-09 16:45:13,179 - INFO -   LOCAHASTE_1_i00001.nii.gz                          (   0.7 MB)
2026-02-09 16:45:13,179 - INFO -      └─ LOCAHASTE_1_i00001.json
2026-02-09 16:45:13,179 - INFO -   LOCAHASTE_1_i00008.nii.gz                          (   0.1 MB)
2026-02-09 16:45:13,180 - INFO -      └─ LOCAHASTE_1_i00008.json
2026-02-09 16:45:13,180 - INFO -   LOCAHASTE_1_i00009.nii.gz                          (   0.1 MB)
2026-02-09 16:45:13,180 - INFO -      └─ LOCAHASTE_1_i00009.json
2026-02-09 16:45:13,180 - INFO - ================================================================================
2026-02-09 16:45:13,180 - INFO - TOTAL: 60 fichiers - 510.9 MB
2026-02-09 16:45:13,180 - INFO - ================================================================================
2026-02-09 16:45:13,180 - INFO - Étape 2: Prévisualisation des opérations...
2026-02-09 16:45:13,180 - INFO - ================================================================================
2026-02-09 16:45:13,180 - INFO - APERÇU DES OPÉRATIONS (DRY RUN)
2026-02-09 16:45:13,180 - INFO - ================================================================================
2026-02-09 16:45:13,183 - INFO -   3DT1_2.nii.gz
2026-02-09 16:45:13,183 - INFO -     → sub-0001/ses-01/anat/sub-0001_ses-01_run-2_T1w.gz
2026-02-09 16:45:13,183 - INFO -   3DT1_2.json
2026-02-09 16:45:13,183 - INFO -     → sub-0001/ses-01/anat/sub-0001_ses-01_run-2_T1w.json
2026-02-09 16:45:13,183 - INFO -   3DT1_3.nii.gz
2026-02-09 16:45:13,183 - INFO -     → sub-0001/ses-01/anat/sub-0001_ses-01_run-3_T1w.gz
2026-02-09 16:45:13,183 - INFO -   3DT1_3.json
2026-02-09 16:45:13,183 - INFO -     → sub-0001/ses-01/anat/sub-0001_ses-01_run-3_T1w.json
2026-02-09 16:45:13,183 - INFO -   3DFLAIR_4.nii.gz
2026-02-09 16:45:13,184 - INFO -     → sub-0001/ses-01/anat/sub-0001_ses-01_run-4_FLAIR.gz
2026-02-09 16:45:13,184 - INFO -   3DFLAIR_4.json
2026-02-09 16:45:13,184 - INFO -     → sub-0001/ses-01/anat/sub-0001_ses-01_run-4_FLAIR.json
2026-02-09 16:45:13,184 - INFO -   MB3_3echo_resting_5_e1.nii.gz
2026-02-09 16:45:13,184 - INFO -     → sub-0001/ses-01/func/sub-0001_ses-01_task-rest_run-5_echo-1_bold.gz
2026-02-09 16:45:13,184 - INFO -   MB3_3echo_resting_5_e1.json
2026-02-09 16:45:13,184 - INFO -     → sub-0001/ses-01/func/sub-0001_ses-01_task-rest_run-5_echo-1_bold.json
2026-02-09 16:45:13,184 - INFO -   MB3_3echo_resting_5_e2.nii.gz
2026-02-09 16:45:13,184 - INFO -     → sub-0001/ses-01/func/sub-0001_ses-01_task-rest_run-5_echo-2_bold.gz
2026-02-09 16:45:13,185 - INFO -   MB3_3echo_resting_5_e2.json
2026-02-09 16:45:13,185 - INFO -     → sub-0001/ses-01/func/sub-0001_ses-01_task-rest_run-5_echo-2_bold.json
2026-02-09 16:45:13,185 - INFO -   MB3_3echo_resting_5_e3.nii.gz
2026-02-09 16:45:13,185 - INFO -     → sub-0001/ses-01/func/sub-0001_ses-01_task-rest_run-5_echo-3_bold.gz
2026-02-09 16:45:13,185 - INFO -   MB3_3echo_resting_5_e3.json
2026-02-09 16:45:13,185 - INFO -     → sub-0001/ses-01/func/sub-0001_ses-01_task-rest_run-5_echo-3_bold.json
2026-02-09 16:45:13,185 - INFO -   MB3_3echo_resting_6_e1.nii.gz
2026-02-09 16:45:13,185 - INFO -     → sub-0001/ses-01/func/sub-0001_ses-01_task-rest_run-6_echo-1_bold.gz
2026-02-09 16:45:13,185 - INFO -   MB3_3echo_resting_6_e1.json
2026-02-09 16:45:13,185 - INFO -     → sub-0001/ses-01/func/sub-0001_ses-01_task-rest_run-6_echo-1_bold.json
2026-02-09 16:45:13,185 - INFO -   MB3_3echo_resting_6_e2.nii.gz
2026-02-09 16:45:13,185 - INFO -     → sub-0001/ses-01/func/sub-0001_ses-01_task-rest_run-6_echo-2_bold.gz
2026-02-09 16:45:13,185 - INFO -   MB3_3echo_resting_6_e2.json
2026-02-09 16:45:13,186 - INFO -     → sub-0001/ses-01/func/sub-0001_ses-01_task-rest_run-6_echo-2_bold.json
2026-02-09 16:45:13,186 - INFO -   MB3_3echo_resting_6_e3.nii.gz
2026-02-09 16:45:13,186 - INFO -     → sub-0001/ses-01/func/sub-0001_ses-01_task-rest_run-6_echo-3_bold.gz
2026-02-09 16:45:13,186 - INFO -   MB3_3echo_resting_6_e3.json
2026-02-09 16:45:13,186 - INFO -     → sub-0001/ses-01/func/sub-0001_ses-01_task-rest_run-6_echo-3_bold.json
2026-02-09 16:45:13,186 - INFO -   MB3_3echo_resting_refBLIP_7_e1.nii.gz
2026-02-09 16:45:13,187 - INFO -     → sub-0001/ses-01/func/sub-0001_ses-01_task-rest_acq-refBLIP_run-1_echo-1_bold.gz
2026-02-09 16:45:13,187 - INFO -   MB3_3echo_resting_refBLIP_7_e1.json
2026-02-09 16:45:13,187 - INFO -     → sub-0001/ses-01/func/sub-0001_ses-01_task-rest_acq-refBLIP_run-1_echo-1_bold.json
2026-02-09 16:45:13,187 - INFO -   MB3_3echo_resting_refBLIP_7_e2.nii.gz
2026-02-09 16:45:13,187 - INFO -     → sub-0001/ses-01/func/sub-0001_ses-01_task-rest_acq-refBLIP_run-1_echo-2_bold.gz
2026-02-09 16:45:13,187 - INFO -   MB3_3echo_resting_refBLIP_7_e2.json
2026-02-09 16:45:13,187 - INFO -     → sub-0001/ses-01/func/sub-0001_ses-01_task-rest_acq-refBLIP_run-1_echo-2_bold.json
2026-02-09 16:45:13,187 - INFO -   MB3_3echo_resting_refBLIP_7_e3.nii.gz
2026-02-09 16:45:13,187 - INFO -     → sub-0001/ses-01/func/sub-0001_ses-01_task-rest_acq-refBLIP_run-1_echo-3_bold.gz
2026-02-09 16:45:13,187 - INFO -   MB3_3echo_resting_refBLIP_7_e3.json
2026-02-09 16:45:13,188 - INFO -     → sub-0001/ses-01/func/sub-0001_ses-01_task-rest_acq-refBLIP_run-1_echo-3_bold.json
2026-02-09 16:45:13,188 - INFO -   MB3_3echo_resting_refBLIP_8_e1.nii.gz
2026-02-09 16:45:13,188 - INFO -     → sub-0001/ses-01/func/sub-0001_ses-01_task-rest_acq-refBLIP_run-1_echo-1_bold.gz
2026-02-09 16:45:13,188 - INFO -   MB3_3echo_resting_refBLIP_8_e1.json
2026-02-09 16:45:13,188 - INFO -     → sub-0001/ses-01/func/sub-0001_ses-01_task-rest_acq-refBLIP_run-1_echo-1_bold.json
2026-02-09 16:45:13,188 - INFO -   MB3_3echo_resting_refBLIP_8_e2.nii.gz
2026-02-09 16:45:13,188 - INFO -     → sub-0001/ses-01/func/sub-0001_ses-01_task-rest_acq-refBLIP_run-1_echo-2_bold.gz
2026-02-09 16:45:13,188 - INFO -   MB3_3echo_resting_refBLIP_8_e2.json
2026-02-09 16:45:13,189 - INFO -     → sub-0001/ses-01/func/sub-0001_ses-01_task-rest_acq-refBLIP_run-1_echo-2_bold.json
2026-02-09 16:45:13,189 - INFO -   MB3_3echo_resting_refBLIP_8_e3.nii.gz
2026-02-09 16:45:13,189 - INFO -     → sub-0001/ses-01/func/sub-0001_ses-01_task-rest_acq-refBLIP_run-1_echo-3_bold.gz
2026-02-09 16:45:13,189 - INFO -   MB3_3echo_resting_refBLIP_8_e3.json
2026-02-09 16:45:13,189 - INFO -     → sub-0001/ses-01/func/sub-0001_ses-01_task-rest_acq-refBLIP_run-1_echo-3_bold.json
2026-02-09 16:45:13,189 - INFO -   MB3_EP2D_diff_D30_b700_AP_11.nii.gz
2026-02-09 16:45:13,189 - INFO -     → sub-0001/ses-01/dwi/sub-0001_ses-01_acq-dir30AP_run-11_dwi.gz
2026-02-09 16:45:13,189 - INFO -   MB3_EP2D_diff_D30_b700_AP_11.json
2026-02-09 16:45:13,190 - INFO -     → sub-0001/ses-01/dwi/sub-0001_ses-01_acq-dir30AP_run-11_dwi.json
2026-02-09 16:45:13,190 - INFO -   MB3_EP2D_diff_D30_b700_AP_11.bval
2026-02-09 16:45:13,190 - INFO -     → sub-0001/ses-01/dwi/sub-0001_ses-01_acq-dir30AP_run-11_dwi.bval
2026-02-09 16:45:13,190 - INFO -   MB3_EP2D_diff_D30_b700_AP_11.bvec
2026-02-09 16:45:13,190 - INFO -     → sub-0001/ses-01/dwi/sub-0001_ses-01_acq-dir30AP_run-11_dwi.bvec
2026-02-09 16:45:13,190 - INFO -   MB3_EP2D_diff_D30_b700_PA_blip_12.nii.gz
2026-02-09 16:45:13,190 - INFO -     → sub-0001/ses-01/dwi/sub-0001_ses-01_acq-dir30PA_run-12_dwi.gz
2026-02-09 16:45:13,190 - INFO -   MB3_EP2D_diff_D30_b700_PA_blip_12.json
2026-02-09 16:45:13,190 - INFO -     → sub-0001/ses-01/dwi/sub-0001_ses-01_acq-dir30PA_run-12_dwi.json
2026-02-09 16:45:13,190 - INFO -   MB3_EP2D_diff_D30_b700_PA_blip_12.bval
2026-02-09 16:45:13,191 - INFO -     → sub-0001/ses-01/dwi/sub-0001_ses-01_acq-dir30PA_run-12_dwi.bval
2026-02-09 16:45:13,191 - INFO -   MB3_EP2D_diff_D30_b700_PA_blip_12.bvec
2026-02-09 16:45:13,191 - INFO -     → sub-0001/ses-01/dwi/sub-0001_ses-01_acq-dir30PA_run-12_dwi.bvec
2026-02-09 16:45:13,191 - INFO -   MB3_EP2D_diff_D60_AP_9.nii.gz
2026-02-09 16:45:13,191 - INFO -     → sub-0001/ses-01/dwi/sub-0001_ses-01_dwi.gz
2026-02-09 16:45:13,191 - INFO -   MB3_EP2D_diff_D60_AP_9.json
2026-02-09 16:45:13,191 - INFO -     → sub-0001/ses-01/dwi/sub-0001_ses-01_dwi.json
2026-02-09 16:45:13,191 - INFO -   MB3_EP2D_diff_D60_AP_9.bval
2026-02-09 16:45:13,191 - INFO -     → sub-0001/ses-01/dwi/sub-0001_ses-01_dwi.bval
2026-02-09 16:45:13,192 - INFO -   MB3_EP2D_diff_D60_AP_9.bvec
2026-02-09 16:45:13,192 - INFO -     → sub-0001/ses-01/dwi/sub-0001_ses-01_dwi.bvec
2026-02-09 16:45:13,192 - INFO -   MB3_EP2D_diff_D60_PA_blip_10.nii.gz
2026-02-09 16:45:13,192 - INFO -     → sub-0001/ses-01/dwi/sub-0001_ses-01_dwi.gz
2026-02-09 16:45:13,192 - INFO -   MB3_EP2D_diff_D60_PA_blip_10.json
2026-02-09 16:45:13,192 - INFO -     → sub-0001/ses-01/dwi/sub-0001_ses-01_dwi.json
2026-02-09 16:45:13,192 - INFO -   MB3_EP2D_diff_D60_PA_blip_10.bval
2026-02-09 16:45:13,192 - INFO -     → sub-0001/ses-01/dwi/sub-0001_ses-01_dwi.bval
2026-02-09 16:45:13,192 - INFO -   MB3_EP2D_diff_D60_PA_blip_10.bvec
2026-02-09 16:45:13,192 - INFO -     → sub-0001/ses-01/dwi/sub-0001_ses-01_dwi.bvec
2026-02-09 16:45:13,192 - INFO -   MB3_EP2D_diff_D8_b300_AP_13.nii.gz
2026-02-09 16:45:13,192 - INFO -     → sub-0001/ses-01/dwi/sub-0001_ses-01_acq-dir8AP_run-13_dwi.gz
2026-02-09 16:45:13,192 - INFO -   MB3_EP2D_diff_D8_b300_AP_13.json
2026-02-09 16:45:13,193 - INFO -     → sub-0001/ses-01/dwi/sub-0001_ses-01_acq-dir8AP_run-13_dwi.json
2026-02-09 16:45:13,193 - INFO -   MB3_EP2D_diff_D8_b300_AP_13.bval
2026-02-09 16:45:13,193 - INFO -     → sub-0001/ses-01/dwi/sub-0001_ses-01_acq-dir8AP_run-13_dwi.bval
2026-02-09 16:45:13,193 - INFO -   MB3_EP2D_diff_D8_b300_AP_13.bvec
2026-02-09 16:45:13,193 - INFO -     → sub-0001/ses-01/dwi/sub-0001_ses-01_acq-dir8AP_run-13_dwi.bvec
2026-02-09 16:45:13,193 - INFO -   MB3_EP2D_diff_D8_b300_PA_blip_14.nii.gz
2026-02-09 16:45:13,193 - INFO -     → sub-0001/ses-01/dwi/sub-0001_ses-01_acq-dir8PA_run-14_dwi.gz
2026-02-09 16:45:13,193 - INFO -   MB3_EP2D_diff_D8_b300_PA_blip_14.json
2026-02-09 16:45:13,193 - INFO -     → sub-0001/ses-01/dwi/sub-0001_ses-01_acq-dir8PA_run-14_dwi.json
2026-02-09 16:45:13,193 - INFO -   MB3_EP2D_diff_D8_b300_PA_blip_14.bval
2026-02-09 16:45:13,193 - INFO -     → sub-0001/ses-01/dwi/sub-0001_ses-01_acq-dir8PA_run-14_dwi.bval
2026-02-09 16:45:13,193 - INFO -   MB3_EP2D_diff_D8_b300_PA_blip_14.bvec
2026-02-09 16:45:13,193 - INFO -     → sub-0001/ses-01/dwi/sub-0001_ses-01_acq-dir8PA_run-14_dwi.bvec
2026-02-09 16:45:13,193 - INFO -   LOCAHASTE_1_i00001.nii.gz
2026-02-09 16:45:13,193 - INFO -     → sub-0001/ses-01/anat/sub-0001_ses-01_acq-localizer_run-00001_T2w.gz
2026-02-09 16:45:13,193 - INFO -   LOCAHASTE_1_i00001.json
2026-02-09 16:45:13,194 - INFO -     → sub-0001/ses-01/anat/sub-0001_ses-01_acq-localizer_run-00001_T2w.json
2026-02-09 16:45:13,194 - INFO -   LOCAHASTE_1_i00008.nii.gz
2026-02-09 16:45:13,194 - INFO -     → sub-0001/ses-01/anat/sub-0001_ses-01_acq-localizer_run-00008_T2w.gz
2026-02-09 16:45:13,194 - INFO -   LOCAHASTE_1_i00008.json
2026-02-09 16:45:13,194 - INFO -     → sub-0001/ses-01/anat/sub-0001_ses-01_acq-localizer_run-00008_T2w.json
2026-02-09 16:45:13,194 - INFO -   LOCAHASTE_1_i00009.nii.gz
2026-02-09 16:45:13,194 - INFO -     → sub-0001/ses-01/anat/sub-0001_ses-01_acq-localizer_run-00009_T2w.gz
2026-02-09 16:45:13,194 - INFO -   LOCAHASTE_1_i00009.json
2026-02-09 16:45:13,194 - INFO -     → sub-0001/ses-01/anat/sub-0001_ses-01_acq-localizer_run-00009_T2w.json
2026-02-09 16:45:13,194 - INFO - 
TOTAL: 60 fichiers à copier
2026-02-09 16:45:13,194 - INFO - ================================================================================
2026-02-09 16:45:13,194 - INFO - COPIE DES FICHIERS VERS BIDS
2026-02-09 16:45:13,194 - INFO - ================================================================================
2026-02-09 16:45:13,196 - INFO -   3DT1_2.nii.gz
2026-02-09 16:45:13,196 - INFO -     → sub-0001/ses-01/anat/sub-0001_ses-01_run-2_T1w.gz
2026-02-09 16:45:13,196 - INFO -   3DT1_2.json
2026-02-09 16:45:13,196 - INFO -     → sub-0001/ses-01/anat/sub-0001_ses-01_run-2_T1w.json
2026-02-09 16:45:13,196 - INFO -   3DT1_3.nii.gz
2026-02-09 16:45:13,197 - INFO -     → sub-0001/ses-01/anat/sub-0001_ses-01_run-3_T1w.gz
2026-02-09 16:45:13,197 - INFO -   3DT1_3.json
2026-02-09 16:45:13,197 - INFO -     → sub-0001/ses-01/anat/sub-0001_ses-01_run-3_T1w.json
2026-02-09 16:45:13,197 - INFO -   3DFLAIR_4.nii.gz
2026-02-09 16:45:13,197 - INFO -     → sub-0001/ses-01/anat/sub-0001_ses-01_run-4_FLAIR.gz
2026-02-09 16:45:13,197 - INFO -   3DFLAIR_4.json
2026-02-09 16:45:13,197 - INFO -     → sub-0001/ses-01/anat/sub-0001_ses-01_run-4_FLAIR.json
2026-02-09 16:45:13,197 - INFO -   MB3_3echo_resting_5_e1.nii.gz
2026-02-09 16:45:13,197 - INFO -     → sub-0001/ses-01/func/sub-0001_ses-01_task-rest_run-5_echo-1_bold.gz
2026-02-09 16:45:13,197 - INFO -   MB3_3echo_resting_5_e1.json
2026-02-09 16:45:13,197 - INFO -     → sub-0001/ses-01/func/sub-0001_ses-01_task-rest_run-5_echo-1_bold.json
2026-02-09 16:45:13,197 - INFO -   MB3_3echo_resting_5_e2.nii.gz
2026-02-09 16:45:13,197 - INFO -     → sub-0001/ses-01/func/sub-0001_ses-01_task-rest_run-5_echo-2_bold.gz
2026-02-09 16:45:13,197 - INFO -   MB3_3echo_resting_5_e2.json
2026-02-09 16:45:13,197 - INFO -     → sub-0001/ses-01/func/sub-0001_ses-01_task-rest_run-5_echo-2_bold.json
2026-02-09 16:45:13,197 - INFO -   MB3_3echo_resting_5_e3.nii.gz
2026-02-09 16:45:13,198 - INFO -     → sub-0001/ses-01/func/sub-0001_ses-01_task-rest_run-5_echo-3_bold.gz
2026-02-09 16:45:13,198 - INFO -   MB3_3echo_resting_5_e3.json
2026-02-09 16:45:13,198 - INFO -     → sub-0001/ses-01/func/sub-0001_ses-01_task-rest_run-5_echo-3_bold.json
2026-02-09 16:45:13,198 - INFO -   MB3_3echo_resting_6_e1.nii.gz
2026-02-09 16:45:13,198 - INFO -     → sub-0001/ses-01/func/sub-0001_ses-01_task-rest_run-6_echo-1_bold.gz
2026-02-09 16:45:13,198 - INFO -   MB3_3echo_resting_6_e1.json
2026-02-09 16:45:13,198 - INFO -     → sub-0001/ses-01/func/sub-0001_ses-01_task-rest_run-6_echo-1_bold.json
2026-02-09 16:45:13,198 - INFO -   MB3_3echo_resting_6_e2.nii.gz
2026-02-09 16:45:13,198 - INFO -     → sub-0001/ses-01/func/sub-0001_ses-01_task-rest_run-6_echo-2_bold.gz
2026-02-09 16:45:13,198 - INFO -   MB3_3echo_resting_6_e2.json
2026-02-09 16:45:13,198 - INFO -     → sub-0001/ses-01/func/sub-0001_ses-01_task-rest_run-6_echo-2_bold.json
2026-02-09 16:45:13,198 - INFO -   MB3_3echo_resting_6_e3.nii.gz
2026-02-09 16:45:13,198 - INFO -     → sub-0001/ses-01/func/sub-0001_ses-01_task-rest_run-6_echo-3_bold.gz
2026-02-09 16:45:13,198 - INFO -   MB3_3echo_resting_6_e3.json
2026-02-09 16:45:13,198 - INFO -     → sub-0001/ses-01/func/sub-0001_ses-01_task-rest_run-6_echo-3_bold.json
2026-02-09 16:45:13,198 - INFO -   MB3_3echo_resting_refBLIP_7_e1.nii.gz
2026-02-09 16:45:13,199 - INFO -     → sub-0001/ses-01/func/sub-0001_ses-01_task-rest_acq-refBLIP_run-1_echo-1_bold.gz
2026-02-09 16:45:13,199 - INFO -   MB3_3echo_resting_refBLIP_7_e1.json
2026-02-09 16:45:13,199 - INFO -     → sub-0001/ses-01/func/sub-0001_ses-01_task-rest_acq-refBLIP_run-1_echo-1_bold.json
2026-02-09 16:45:13,199 - INFO -   MB3_3echo_resting_refBLIP_7_e2.nii.gz
2026-02-09 16:45:13,199 - INFO -     → sub-0001/ses-01/func/sub-0001_ses-01_task-rest_acq-refBLIP_run-1_echo-2_bold.gz
2026-02-09 16:45:13,199 - INFO -   MB3_3echo_resting_refBLIP_7_e2.json
2026-02-09 16:45:13,199 - INFO -     → sub-0001/ses-01/func/sub-0001_ses-01_task-rest_acq-refBLIP_run-1_echo-2_bold.json
2026-02-09 16:45:13,199 - INFO -   MB3_3echo_resting_refBLIP_7_e3.nii.gz
2026-02-09 16:45:13,199 - INFO -     → sub-0001/ses-01/func/sub-0001_ses-01_task-rest_acq-refBLIP_run-1_echo-3_bold.gz
2026-02-09 16:45:13,199 - INFO -   MB3_3echo_resting_refBLIP_7_e3.json
2026-02-09 16:45:13,199 - INFO -     → sub-0001/ses-01/func/sub-0001_ses-01_task-rest_acq-refBLIP_run-1_echo-3_bold.json
2026-02-09 16:45:13,199 - INFO -   MB3_3echo_resting_refBLIP_8_e1.nii.gz
2026-02-09 16:45:13,199 - INFO -     → sub-0001/ses-01/func/sub-0001_ses-01_task-rest_acq-refBLIP_run-1_echo-1_bold.gz
2026-02-09 16:45:13,199 - INFO -   MB3_3echo_resting_refBLIP_8_e1.json
2026-02-09 16:45:13,199 - INFO -     → sub-0001/ses-01/func/sub-0001_ses-01_task-rest_acq-refBLIP_run-1_echo-1_bold.json
2026-02-09 16:45:13,199 - INFO -   MB3_3echo_resting_refBLIP_8_e2.nii.gz
2026-02-09 16:45:13,200 - INFO -     → sub-0001/ses-01/func/sub-0001_ses-01_task-rest_acq-refBLIP_run-1_echo-2_bold.gz
2026-02-09 16:45:13,200 - INFO -   MB3_3echo_resting_refBLIP_8_e2.json
2026-02-09 16:45:13,200 - INFO -     → sub-0001/ses-01/func/sub-0001_ses-01_task-rest_acq-refBLIP_run-1_echo-2_bold.json
2026-02-09 16:45:13,200 - INFO -   MB3_3echo_resting_refBLIP_8_e3.nii.gz
2026-02-09 16:45:13,200 - INFO -     → sub-0001/ses-01/func/sub-0001_ses-01_task-rest_acq-refBLIP_run-1_echo-3_bold.gz
2026-02-09 16:45:13,200 - INFO -   MB3_3echo_resting_refBLIP_8_e3.json
2026-02-09 16:45:13,200 - INFO -     → sub-0001/ses-01/func/sub-0001_ses-01_task-rest_acq-refBLIP_run-1_echo-3_bold.json
2026-02-09 16:45:13,200 - INFO -   MB3_EP2D_diff_D30_b700_AP_11.nii.gz
2026-02-09 16:45:13,200 - INFO -     → sub-0001/ses-01/dwi/sub-0001_ses-01_acq-dir30AP_run-11_dwi.gz
2026-02-09 16:45:13,200 - INFO -   MB3_EP2D_diff_D30_b700_AP_11.json
2026-02-09 16:45:13,200 - INFO -     → sub-0001/ses-01/dwi/sub-0001_ses-01_acq-dir30AP_run-11_dwi.json
2026-02-09 16:45:13,200 - INFO -   MB3_EP2D_diff_D30_b700_AP_11.bval
2026-02-09 16:45:13,200 - INFO -     → sub-0001/ses-01/dwi/sub-0001_ses-01_acq-dir30AP_run-11_dwi.bval
2026-02-09 16:45:13,200 - INFO -   MB3_EP2D_diff_D30_b700_AP_11.bvec
2026-02-09 16:45:13,200 - INFO -     → sub-0001/ses-01/dwi/sub-0001_ses-01_acq-dir30AP_run-11_dwi.bvec
2026-02-09 16:45:13,201 - INFO -   MB3_EP2D_diff_D30_b700_PA_blip_12.nii.gz
2026-02-09 16:45:13,201 - INFO -     → sub-0001/ses-01/dwi/sub-0001_ses-01_acq-dir30PA_run-12_dwi.gz
2026-02-09 16:45:13,201 - INFO -   MB3_EP2D_diff_D30_b700_PA_blip_12.json
2026-02-09 16:45:13,201 - INFO -     → sub-0001/ses-01/dwi/sub-0001_ses-01_acq-dir30PA_run-12_dwi.json
2026-02-09 16:45:13,201 - INFO -   MB3_EP2D_diff_D30_b700_PA_blip_12.bval
2026-02-09 16:45:13,201 - INFO -     → sub-0001/ses-01/dwi/sub-0001_ses-01_acq-dir30PA_run-12_dwi.bval
2026-02-09 16:45:13,201 - INFO -   MB3_EP2D_diff_D30_b700_PA_blip_12.bvec
2026-02-09 16:45:13,201 - INFO -     → sub-0001/ses-01/dwi/sub-0001_ses-01_acq-dir30PA_run-12_dwi.bvec
2026-02-09 16:45:13,201 - INFO -   MB3_EP2D_diff_D60_AP_9.nii.gz
2026-02-09 16:45:13,201 - INFO -     → sub-0001/ses-01/dwi/sub-0001_ses-01_dwi.gz
2026-02-09 16:45:13,201 - INFO -   MB3_EP2D_diff_D60_AP_9.json
2026-02-09 16:45:13,201 - INFO -     → sub-0001/ses-01/dwi/sub-0001_ses-01_dwi.json
2026-02-09 16:45:13,202 - INFO -   MB3_EP2D_diff_D60_AP_9.bval
2026-02-09 16:45:13,202 - INFO -     → sub-0001/ses-01/dwi/sub-0001_ses-01_dwi.bval
2026-02-09 16:45:13,202 - INFO -   MB3_EP2D_diff_D60_AP_9.bvec
2026-02-09 16:45:13,202 - INFO -     → sub-0001/ses-01/dwi/sub-0001_ses-01_dwi.bvec
2026-02-09 16:45:13,202 - INFO -   MB3_EP2D_diff_D60_PA_blip_10.nii.gz
2026-02-09 16:45:13,202 - INFO -     → sub-0001/ses-01/dwi/sub-0001_ses-01_dwi.gz
2026-02-09 16:45:13,202 - INFO -   MB3_EP2D_diff_D60_PA_blip_10.json
2026-02-09 16:45:13,202 - INFO -     → sub-0001/ses-01/dwi/sub-0001_ses-01_dwi.json
2026-02-09 16:45:13,202 - INFO -   MB3_EP2D_diff_D60_PA_blip_10.bval
2026-02-09 16:45:13,202 - INFO -     → sub-0001/ses-01/dwi/sub-0001_ses-01_dwi.bval
2026-02-09 16:45:13,202 - INFO -   MB3_EP2D_diff_D60_PA_blip_10.bvec
2026-02-09 16:45:13,202 - INFO -     → sub-0001/ses-01/dwi/sub-0001_ses-01_dwi.bvec
2026-02-09 16:45:13,202 - INFO -   MB3_EP2D_diff_D8_b300_AP_13.nii.gz
2026-02-09 16:45:13,202 - INFO -     → sub-0001/ses-01/dwi/sub-0001_ses-01_acq-dir8AP_run-13_dwi.gz
2026-02-09 16:45:13,203 - INFO -   MB3_EP2D_diff_D8_b300_AP_13.json
2026-02-09 16:45:13,203 - INFO -     → sub-0001/ses-01/dwi/sub-0001_ses-01_acq-dir8AP_run-13_dwi.json
2026-02-09 16:45:13,203 - INFO -   MB3_EP2D_diff_D8_b300_AP_13.bval
2026-02-09 16:45:13,203 - INFO -     → sub-0001/ses-01/dwi/sub-0001_ses-01_acq-dir8AP_run-13_dwi.bval
2026-02-09 16:45:13,203 - INFO -   MB3_EP2D_diff_D8_b300_AP_13.bvec
2026-02-09 16:45:13,203 - INFO -     → sub-0001/ses-01/dwi/sub-0001_ses-01_acq-dir8AP_run-13_dwi.bvec
2026-02-09 16:45:13,203 - INFO -   MB3_EP2D_diff_D8_b300_PA_blip_14.nii.gz
2026-02-09 16:45:13,204 - INFO -     → sub-0001/ses-01/dwi/sub-0001_ses-01_acq-dir8PA_run-14_dwi.gz
2026-02-09 16:45:13,204 - INFO -   MB3_EP2D_diff_D8_b300_PA_blip_14.json
2026-02-09 16:45:13,204 - INFO -     → sub-0001/ses-01/dwi/sub-0001_ses-01_acq-dir8PA_run-14_dwi.json
2026-02-09 16:45:13,204 - INFO -   MB3_EP2D_diff_D8_b300_PA_blip_14.bval
2026-02-09 16:45:13,204 - INFO -     → sub-0001/ses-01/dwi/sub-0001_ses-01_acq-dir8PA_run-14_dwi.bval
2026-02-09 16:45:13,204 - INFO -   MB3_EP2D_diff_D8_b300_PA_blip_14.bvec
2026-02-09 16:45:13,204 - INFO -     → sub-0001/ses-01/dwi/sub-0001_ses-01_acq-dir8PA_run-14_dwi.bvec
2026-02-09 16:45:13,204 - INFO -   LOCAHASTE_1_i00001.nii.gz
2026-02-09 16:45:13,205 - INFO -     → sub-0001/ses-01/anat/sub-0001_ses-01_acq-localizer_run-00001_T2w.gz
2026-02-09 16:45:13,205 - INFO -   LOCAHASTE_1_i00001.json
2026-02-09 16:45:13,205 - INFO -     → sub-0001/ses-01/anat/sub-0001_ses-01_acq-localizer_run-00001_T2w.json
2026-02-09 16:45:13,205 - INFO -   LOCAHASTE_1_i00008.nii.gz
2026-02-09 16:45:13,205 - INFO -     → sub-0001/ses-01/anat/sub-0001_ses-01_acq-localizer_run-00008_T2w.gz
2026-02-09 16:45:13,205 - INFO -   LOCAHASTE_1_i00008.json
2026-02-09 16:45:13,205 - INFO -     → sub-0001/ses-01/anat/sub-0001_ses-01_acq-localizer_run-00008_T2w.json
2026-02-09 16:45:13,205 - INFO -   LOCAHASTE_1_i00009.nii.gz
2026-02-09 16:45:13,205 - INFO -     → sub-0001/ses-01/anat/sub-0001_ses-01_acq-localizer_run-00009_T2w.gz
2026-02-09 16:45:13,205 - INFO -   LOCAHASTE_1_i00009.json
2026-02-09 16:45:13,206 - INFO -     → sub-0001/ses-01/anat/sub-0001_ses-01_acq-localizer_run-00009_T2w.json
2026-02-09 16:45:13,206 - INFO - 
TOTAL: 60 fichiers à copier
2026-02-09 16:45:19,071 - INFO - Copie en cours...
2026-02-09 16:45:19,204 - INFO -   ✅ sub-0001_ses-01_run-2_T1w.gz
2026-02-09 16:45:19,216 - INFO -   ✅ sub-0001_ses-01_run-2_T1w.json
2026-02-09 16:45:19,331 - INFO -   ✅ sub-0001_ses-01_run-3_T1w.gz
2026-02-09 16:45:19,334 - INFO -   ✅ sub-0001_ses-01_run-3_T1w.json
2026-02-09 16:45:19,538 - INFO -   ✅ sub-0001_ses-01_run-4_FLAIR.gz
2026-02-09 16:45:19,562 - INFO -   ✅ sub-0001_ses-01_run-4_FLAIR.json
2026-02-09 16:45:19,575 - INFO -   ✅ sub-0001_ses-01_task-rest_run-5_echo-1_bold.gz
2026-02-09 16:45:19,587 - INFO -   ✅ sub-0001_ses-01_task-rest_run-5_echo-1_bold.json
2026-02-09 16:45:19,605 - INFO -   ✅ sub-0001_ses-01_task-rest_run-5_echo-2_bold.gz
2026-02-09 16:45:19,622 - INFO -   ✅ sub-0001_ses-01_task-rest_run-5_echo-2_bold.json
2026-02-09 16:45:19,634 - INFO -   ✅ sub-0001_ses-01_task-rest_run-5_echo-3_bold.gz
2026-02-09 16:45:19,645 - INFO -   ✅ sub-0001_ses-01_task-rest_run-5_echo-3_bold.json
2026-02-09 16:45:20,557 - INFO -   ✅ sub-0001_ses-01_task-rest_run-6_echo-1_bold.gz
2026-02-09 16:45:20,579 - INFO -   ✅ sub-0001_ses-01_task-rest_run-6_echo-1_bold.json
2026-02-09 16:45:21,508 - INFO -   ✅ sub-0001_ses-01_task-rest_run-6_echo-2_bold.gz
2026-02-09 16:45:21,534 - INFO -   ✅ sub-0001_ses-01_task-rest_run-6_echo-2_bold.json
2026-02-09 16:45:22,306 - INFO -   ✅ sub-0001_ses-01_task-rest_run-6_echo-3_bold.gz
2026-02-09 16:45:22,334 - INFO -   ✅ sub-0001_ses-01_task-rest_run-6_echo-3_bold.json
2026-02-09 16:45:22,351 - INFO -   ✅ sub-0001_ses-01_task-rest_acq-refBLIP_run-1_echo-1_bold.gz
2026-02-09 16:45:22,371 - INFO -   ✅ sub-0001_ses-01_task-rest_acq-refBLIP_run-1_echo-1_bold.json
2026-02-09 16:45:22,391 - INFO -   ✅ sub-0001_ses-01_task-rest_acq-refBLIP_run-1_echo-2_bold.gz
2026-02-09 16:45:22,404 - INFO -   ✅ sub-0001_ses-01_task-rest_acq-refBLIP_run-1_echo-2_bold.json
2026-02-09 16:45:22,418 - INFO -   ✅ sub-0001_ses-01_task-rest_acq-refBLIP_run-1_echo-3_bold.gz
2026-02-09 16:45:22,426 - INFO -   ✅ sub-0001_ses-01_task-rest_acq-refBLIP_run-1_echo-3_bold.json
2026-02-09 16:45:22,466 - INFO -   ✅ sub-0001_ses-01_task-rest_acq-refBLIP_run-1_echo-1_bold.gz
2026-02-09 16:45:22,487 - INFO -   ✅ sub-0001_ses-01_task-rest_acq-refBLIP_run-1_echo-1_bold.json
2026-02-09 16:45:22,511 - INFO -   ✅ sub-0001_ses-01_task-rest_acq-refBLIP_run-1_echo-2_bold.gz
2026-02-09 16:45:22,532 - INFO -   ✅ sub-0001_ses-01_task-rest_acq-refBLIP_run-1_echo-2_bold.json
2026-02-09 16:45:22,546 - INFO -   ✅ sub-0001_ses-01_task-rest_acq-refBLIP_run-1_echo-3_bold.gz
2026-02-09 16:45:22,551 - INFO -   ✅ sub-0001_ses-01_task-rest_acq-refBLIP_run-1_echo-3_bold.json
2026-02-09 16:45:22,816 - INFO -   ✅ sub-0001_ses-01_acq-dir30AP_run-11_dwi.gz
2026-02-09 16:45:22,854 - INFO -   ✅ sub-0001_ses-01_acq-dir30AP_run-11_dwi.json
2026-02-09 16:45:23,156 - INFO -   ✅ sub-0001_ses-01_acq-dir30AP_run-11_dwi.bval
2026-02-09 16:45:23,173 - INFO -   ✅ sub-0001_ses-01_acq-dir30AP_run-11_dwi.bvec
2026-02-09 16:45:23,617 - INFO -   ✅ sub-0001_ses-01_acq-dir30PA_run-12_dwi.gz
2026-02-09 16:45:23,636 - INFO -   ✅ sub-0001_ses-01_acq-dir30PA_run-12_dwi.json
2026-02-09 16:45:23,640 - INFO -   ✅ sub-0001_ses-01_acq-dir30PA_run-12_dwi.bval
2026-02-09 16:45:23,646 - INFO -   ✅ sub-0001_ses-01_acq-dir30PA_run-12_dwi.bvec
2026-02-09 16:45:24,029 - INFO -   ✅ sub-0001_ses-01_dwi.gz
2026-02-09 16:45:24,043 - INFO -   ✅ sub-0001_ses-01_dwi.json
2026-02-09 16:45:24,046 - INFO -   ✅ sub-0001_ses-01_dwi.bval
2026-02-09 16:45:24,055 - INFO -   ✅ sub-0001_ses-01_dwi.bvec
2026-02-09 16:45:24,411 - INFO -   ✅ sub-0001_ses-01_dwi.gz
2026-02-09 16:45:24,429 - INFO -   ✅ sub-0001_ses-01_dwi.json
2026-02-09 16:45:24,430 - INFO -   ✅ sub-0001_ses-01_dwi.bval
2026-02-09 16:45:24,432 - INFO -   ✅ sub-0001_ses-01_dwi.bvec
2026-02-09 16:45:24,514 - INFO -   ✅ sub-0001_ses-01_acq-dir8AP_run-13_dwi.gz
2026-02-09 16:45:24,538 - INFO -   ✅ sub-0001_ses-01_acq-dir8AP_run-13_dwi.json
2026-02-09 16:45:24,539 - INFO -   ✅ sub-0001_ses-01_acq-dir8AP_run-13_dwi.bval
2026-02-09 16:45:24,540 - INFO -   ✅ sub-0001_ses-01_acq-dir8AP_run-13_dwi.bvec
2026-02-09 16:45:24,602 - INFO -   ✅ sub-0001_ses-01_acq-dir8PA_run-14_dwi.gz
2026-02-09 16:45:24,661 - INFO -   ✅ sub-0001_ses-01_acq-dir8PA_run-14_dwi.json
2026-02-09 16:45:24,665 - INFO -   ✅ sub-0001_ses-01_acq-dir8PA_run-14_dwi.bval
2026-02-09 16:45:24,666 - INFO -   ✅ sub-0001_ses-01_acq-dir8PA_run-14_dwi.bvec
2026-02-09 16:45:24,680 - INFO -   ✅ sub-0001_ses-01_acq-localizer_run-00001_T2w.gz
2026-02-09 16:45:24,688 - INFO -   ✅ sub-0001_ses-01_acq-localizer_run-00001_T2w.json
2026-02-09 16:45:24,705 - INFO -   ✅ sub-0001_ses-01_acq-localizer_run-00008_T2w.gz
2026-02-09 16:45:24,707 - INFO -   ✅ sub-0001_ses-01_acq-localizer_run-00008_T2w.json
2026-02-09 16:45:24,728 - INFO -   ✅ sub-0001_ses-01_acq-localizer_run-00009_T2w.gz
2026-02-09 16:45:24,729 - INFO -   ✅ sub-0001_ses-01_acq-localizer_run-00009_T2w.json
2026-02-09 16:45:24,729 - INFO - Copie terminée ! 60/60 fichiers copiés.
2026-02-09 16:45:24,729 - INFO - ================================================================================
2026-02-09 16:45:24,729 - INFO - Traitement de: 002-ML
2026-02-09 16:45:24,729 - INFO - ================================================================================
2026-02-09 16:45:24,729 - INFO - Sujet détecté: sub-0002 (code: ML)
2026-02-09 16:45:24,729 - INFO - Session: ses-01
2026-02-09 16:45:24,729 - INFO - Étape 1: Analyse du dossier source...
2026-02-09 16:45:24,731 - INFO - ================================================================================
2026-02-09 16:45:24,731 - INFO - RÉSUMÉ DES FICHIERS IRM TROUVÉS
2026-02-09 16:45:24,731 - INFO - ================================================================================
2026-02-09 16:45:24,731 - INFO - 
T1W (4 fichiers)
2026-02-09 16:45:24,731 - INFO - --------------------------------------------------------------------------------
2026-02-09 16:45:24,731 - INFO -   3DT1_2.nii.gz                                      (   9.5 MB)
2026-02-09 16:45:24,731 - INFO -      └─ 3DT1_2.json
2026-02-09 16:45:24,731 - INFO -   3DT1_3.nii.gz                                      (   9.1 MB)
2026-02-09 16:45:24,731 - INFO -      └─ 3DT1_3.json
2026-02-09 16:45:24,732 - INFO - 
FLAIR (4 fichiers)
2026-02-09 16:45:24,732 - INFO - --------------------------------------------------------------------------------
2026-02-09 16:45:24,732 - INFO -   3DFLAIR_4.nii.gz                                   (  21.4 MB)
2026-02-09 16:45:24,732 - INFO -      └─ 3DFLAIR_4.json
2026-02-09 16:45:24,732 - INFO -   3DFLAIR_8.nii.gz                                   (  20.9 MB)
2026-02-09 16:45:24,732 - INFO -      └─ 3DFLAIR_8.json
2026-02-09 16:45:24,732 - INFO - 
FUNC (36 fichiers)
2026-02-09 16:45:24,732 - INFO - --------------------------------------------------------------------------------
2026-02-09 16:45:24,732 - INFO -   MB3_3echo_resting_10_e1.nii.gz                     ( 107.1 MB)
2026-02-09 16:45:24,732 - INFO -      └─ MB3_3echo_resting_10_e1.json
2026-02-09 16:45:24,732 - INFO -   MB3_3echo_resting_10_e2.nii.gz                     (  94.2 MB)
2026-02-09 16:45:24,733 - INFO -      └─ MB3_3echo_resting_10_e2.json
2026-02-09 16:45:24,733 - INFO -   MB3_3echo_resting_10_e3.nii.gz                     (  86.4 MB)
2026-02-09 16:45:24,733 - INFO -      └─ MB3_3echo_resting_10_e3.json
2026-02-09 16:45:24,733 - INFO -   MB3_3echo_resting_5_e1.nii.gz                      (   0.3 MB)
2026-02-09 16:45:24,733 - INFO -      └─ MB3_3echo_resting_5_e1.json
2026-02-09 16:45:24,733 - INFO -   MB3_3echo_resting_5_e2.nii.gz                      (   0.2 MB)
2026-02-09 16:45:24,733 - INFO -      └─ MB3_3echo_resting_5_e2.json
2026-02-09 16:45:24,733 - INFO -   MB3_3echo_resting_5_e3.nii.gz                      (   0.2 MB)
2026-02-09 16:45:24,733 - INFO -      └─ MB3_3echo_resting_5_e3.json
2026-02-09 16:45:24,733 - INFO -   MB3_3echo_resting_6_e1.nii.gz                      (   5.2 MB)
2026-02-09 16:45:24,734 - INFO -      └─ MB3_3echo_resting_6_e1.json
2026-02-09 16:45:24,734 - INFO -   MB3_3echo_resting_6_e2.nii.gz                      (   4.6 MB)
2026-02-09 16:45:24,734 - INFO -      └─ MB3_3echo_resting_6_e2.json
2026-02-09 16:45:24,734 - INFO -   MB3_3echo_resting_6_e3.nii.gz                      (   4.2 MB)
2026-02-09 16:45:24,734 - INFO -      └─ MB3_3echo_resting_6_e3.json
2026-02-09 16:45:24,734 - INFO -   MB3_3echo_resting_9_e1.nii.gz                      (   0.2 MB)
2026-02-09 16:45:24,734 - INFO -      └─ MB3_3echo_resting_9_e1.json
2026-02-09 16:45:24,734 - INFO -   MB3_3echo_resting_9_e2.nii.gz                      (   0.2 MB)
2026-02-09 16:45:24,734 - INFO -      └─ MB3_3echo_resting_9_e2.json
2026-02-09 16:45:24,734 - INFO -   MB3_3echo_resting_9_e3.nii.gz                      (   0.2 MB)
2026-02-09 16:45:24,734 - INFO -      └─ MB3_3echo_resting_9_e3.json
2026-02-09 16:45:24,735 - INFO -   MB3_3echo_resting_refBLIP_11_e1.nii.gz             (   0.2 MB)
2026-02-09 16:45:24,735 - INFO -      └─ MB3_3echo_resting_refBLIP_11_e1.json
2026-02-09 16:45:24,735 - INFO -   MB3_3echo_resting_refBLIP_11_e2.nii.gz             (   0.2 MB)
2026-02-09 16:45:24,735 - INFO -      └─ MB3_3echo_resting_refBLIP_11_e2.json
2026-02-09 16:45:24,735 - INFO -   MB3_3echo_resting_refBLIP_11_e3.nii.gz             (   0.2 MB)
2026-02-09 16:45:24,735 - INFO -      └─ MB3_3echo_resting_refBLIP_11_e3.json
2026-02-09 16:45:24,735 - INFO -   MB3_3echo_resting_refBLIP_12_e1.nii.gz             (   0.9 MB)
2026-02-09 16:45:24,735 - INFO -      └─ MB3_3echo_resting_refBLIP_12_e1.json
2026-02-09 16:45:24,735 - INFO -   MB3_3echo_resting_refBLIP_12_e2.nii.gz             (   0.8 MB)
2026-02-09 16:45:24,735 - INFO -      └─ MB3_3echo_resting_refBLIP_12_e2.json
2026-02-09 16:45:24,736 - INFO -   MB3_3echo_resting_refBLIP_12_e3.nii.gz             (   0.7 MB)
2026-02-09 16:45:24,736 - INFO -      └─ MB3_3echo_resting_refBLIP_12_e3.json
2026-02-09 16:45:24,736 - INFO - 
DWI (24 fichiers)
2026-02-09 16:45:24,736 - INFO - --------------------------------------------------------------------------------
2026-02-09 16:45:24,736 - INFO -   MB3_EP2D_diff_D30_b700_AP_15.nii.gz                (  21.9 MB)
2026-02-09 16:45:24,736 - INFO -      └─ MB3_EP2D_diff_D30_b700_AP_15.json
2026-02-09 16:45:24,736 - INFO -      └─ MB3_EP2D_diff_D30_b700_AP_15.bval
2026-02-09 16:45:24,736 - INFO -      └─ MB3_EP2D_diff_D30_b700_AP_15.bvec
2026-02-09 16:45:24,736 - INFO -   MB3_EP2D_diff_D30_b700_PA_blip_16.nii.gz           (  21.7 MB)
2026-02-09 16:45:24,736 - INFO -      └─ MB3_EP2D_diff_D30_b700_PA_blip_16.json
2026-02-09 16:45:24,736 - INFO -      └─ MB3_EP2D_diff_D30_b700_PA_blip_16.bval
2026-02-09 16:45:24,737 - INFO -      └─ MB3_EP2D_diff_D30_b700_PA_blip_16.bvec
2026-02-09 16:45:24,737 - INFO -   MB3_EP2D_diff_D60_AP_13.nii.gz                     (  39.9 MB)
2026-02-09 16:45:24,737 - INFO -      └─ MB3_EP2D_diff_D60_AP_13.json
2026-02-09 16:45:24,737 - INFO -      └─ MB3_EP2D_diff_D60_AP_13.bval
2026-02-09 16:45:24,737 - INFO -      └─ MB3_EP2D_diff_D60_AP_13.bvec
2026-02-09 16:45:24,737 - INFO -   MB3_EP2D_diff_D60_PA_blip_14.nii.gz                (  39.2 MB)
2026-02-09 16:45:24,737 - INFO -      └─ MB3_EP2D_diff_D60_PA_blip_14.json
2026-02-09 16:45:24,737 - INFO -      └─ MB3_EP2D_diff_D60_PA_blip_14.bval
2026-02-09 16:45:24,737 - INFO -      └─ MB3_EP2D_diff_D60_PA_blip_14.bvec
2026-02-09 16:45:24,737 - INFO -   MB3_EP2D_diff_D8_b300_AP_17.nii.gz                 (   6.9 MB)
2026-02-09 16:45:24,738 - INFO -      └─ MB3_EP2D_diff_D8_b300_AP_17.json
2026-02-09 16:45:24,738 - INFO -      └─ MB3_EP2D_diff_D8_b300_AP_17.bval
2026-02-09 16:45:24,738 - INFO -      └─ MB3_EP2D_diff_D8_b300_AP_17.bvec
2026-02-09 16:45:24,738 - INFO -   MB3_EP2D_diff_D8_b300_PA_blip_18.nii.gz            (   6.9 MB)
2026-02-09 16:45:24,738 - INFO -      └─ MB3_EP2D_diff_D8_b300_PA_blip_18.json
2026-02-09 16:45:24,738 - INFO -      └─ MB3_EP2D_diff_D8_b300_PA_blip_18.bval
2026-02-09 16:45:24,738 - INFO -      └─ MB3_EP2D_diff_D8_b300_PA_blip_18.bvec
2026-02-09 16:45:24,738 - INFO - 
LOCALIZER (12 fichiers)
2026-02-09 16:45:24,738 - INFO - --------------------------------------------------------------------------------
2026-02-09 16:45:24,739 - INFO -   LOCAHASTE_1_i00001.nii.gz                          (   0.6 MB)
2026-02-09 16:45:24,739 - INFO -      └─ LOCAHASTE_1_i00001.json
2026-02-09 16:45:24,739 - INFO -   LOCAHASTE_1_i00008.nii.gz                          (   0.1 MB)
2026-02-09 16:45:24,739 - INFO -      └─ LOCAHASTE_1_i00008.json
2026-02-09 16:45:24,739 - INFO -   LOCAHASTE_1_i00009.nii.gz                          (   0.1 MB)
2026-02-09 16:45:24,739 - INFO -      └─ LOCAHASTE_1_i00009.json
2026-02-09 16:45:24,739 - INFO -   LOCAHASTE_7_i00001.nii.gz                          (   0.6 MB)
2026-02-09 16:45:24,739 - INFO -      └─ LOCAHASTE_7_i00001.json
2026-02-09 16:45:24,739 - INFO -   LOCAHASTE_7_i00008.nii.gz                          (   0.1 MB)
2026-02-09 16:45:24,740 - INFO -      └─ LOCAHASTE_7_i00008.json
2026-02-09 16:45:24,740 - INFO -   LOCAHASTE_7_i00009.nii.gz                          (   0.1 MB)
2026-02-09 16:45:24,740 - INFO -      └─ LOCAHASTE_7_i00009.json
2026-02-09 16:45:24,740 - INFO - ================================================================================
2026-02-09 16:45:24,740 - INFO - TOTAL: 80 fichiers - 505.3 MB
2026-02-09 16:45:24,740 - INFO - ================================================================================
2026-02-09 16:45:24,740 - INFO - Étape 2: Prévisualisation des opérations...
2026-02-09 16:45:24,740 - INFO - ================================================================================
2026-02-09 16:45:24,740 - INFO - APERÇU DES OPÉRATIONS (DRY RUN)
2026-02-09 16:45:24,740 - INFO - ================================================================================
2026-02-09 16:45:24,743 - INFO -   3DT1_2.nii.gz
2026-02-09 16:45:24,743 - INFO -     → sub-0002/ses-01/anat/sub-0002_ses-01_run-2_T1w.gz
2026-02-09 16:45:24,743 - INFO -   3DT1_2.json
2026-02-09 16:45:24,743 - INFO -     → sub-0002/ses-01/anat/sub-0002_ses-01_run-2_T1w.json
2026-02-09 16:45:24,743 - INFO -   3DT1_3.nii.gz
2026-02-09 16:45:24,744 - INFO -     → sub-0002/ses-01/anat/sub-0002_ses-01_run-3_T1w.gz
2026-02-09 16:45:24,744 - INFO -   3DT1_3.json
2026-02-09 16:45:24,744 - INFO -     → sub-0002/ses-01/anat/sub-0002_ses-01_run-3_T1w.json
2026-02-09 16:45:24,744 - INFO -   3DFLAIR_4.nii.gz
2026-02-09 16:45:24,744 - INFO -     → sub-0002/ses-01/anat/sub-0002_ses-01_run-4_FLAIR.gz
2026-02-09 16:45:24,744 - INFO -   3DFLAIR_4.json
2026-02-09 16:45:24,744 - INFO -     → sub-0002/ses-01/anat/sub-0002_ses-01_run-4_FLAIR.json
2026-02-09 16:45:24,744 - INFO -   3DFLAIR_8.nii.gz
2026-02-09 16:45:24,744 - INFO -     → sub-0002/ses-01/anat/sub-0002_ses-01_run-8_FLAIR.gz
2026-02-09 16:45:24,744 - INFO -   3DFLAIR_8.json
2026-02-09 16:45:24,744 - INFO -     → sub-0002/ses-01/anat/sub-0002_ses-01_run-8_FLAIR.json
2026-02-09 16:45:24,744 - INFO -   MB3_3echo_resting_10_e1.nii.gz
2026-02-09 16:45:24,744 - INFO -     → sub-0002/ses-01/func/sub-0002_ses-01_task-rest_run-10_echo-1_bold.gz
2026-02-09 16:45:24,744 - INFO -   MB3_3echo_resting_10_e1.json
2026-02-09 16:45:24,745 - INFO -     → sub-0002/ses-01/func/sub-0002_ses-01_task-rest_run-10_echo-1_bold.json
2026-02-09 16:45:24,745 - INFO -   MB3_3echo_resting_10_e2.nii.gz
2026-02-09 16:45:24,745 - INFO -     → sub-0002/ses-01/func/sub-0002_ses-01_task-rest_run-10_echo-2_bold.gz
2026-02-09 16:45:24,745 - INFO -   MB3_3echo_resting_10_e2.json
2026-02-09 16:45:24,745 - INFO -     → sub-0002/ses-01/func/sub-0002_ses-01_task-rest_run-10_echo-2_bold.json
2026-02-09 16:45:24,745 - INFO -   MB3_3echo_resting_10_e3.nii.gz
2026-02-09 16:45:24,745 - INFO -     → sub-0002/ses-01/func/sub-0002_ses-01_task-rest_run-10_echo-3_bold.gz
2026-02-09 16:45:24,745 - INFO -   MB3_3echo_resting_10_e3.json
2026-02-09 16:45:24,745 - INFO -     → sub-0002/ses-01/func/sub-0002_ses-01_task-rest_run-10_echo-3_bold.json
2026-02-09 16:45:24,745 - INFO -   MB3_3echo_resting_5_e1.nii.gz
2026-02-09 16:45:24,745 - INFO -     → sub-0002/ses-01/func/sub-0002_ses-01_task-rest_run-5_echo-1_bold.gz
2026-02-09 16:45:24,745 - INFO -   MB3_3echo_resting_5_e1.json
2026-02-09 16:45:24,745 - INFO -     → sub-0002/ses-01/func/sub-0002_ses-01_task-rest_run-5_echo-1_bold.json
2026-02-09 16:45:24,745 - INFO -   MB3_3echo_resting_5_e2.nii.gz
2026-02-09 16:45:24,746 - INFO -     → sub-0002/ses-01/func/sub-0002_ses-01_task-rest_run-5_echo-2_bold.gz
2026-02-09 16:45:24,746 - INFO -   MB3_3echo_resting_5_e2.json
2026-02-09 16:45:24,746 - INFO -     → sub-0002/ses-01/func/sub-0002_ses-01_task-rest_run-5_echo-2_bold.json
2026-02-09 16:45:24,746 - INFO -   MB3_3echo_resting_5_e3.nii.gz
2026-02-09 16:45:24,746 - INFO -     → sub-0002/ses-01/func/sub-0002_ses-01_task-rest_run-5_echo-3_bold.gz
2026-02-09 16:45:24,746 - INFO -   MB3_3echo_resting_5_e3.json
2026-02-09 16:45:24,746 - INFO -     → sub-0002/ses-01/func/sub-0002_ses-01_task-rest_run-5_echo-3_bold.json
2026-02-09 16:45:24,746 - INFO -   MB3_3echo_resting_6_e1.nii.gz
2026-02-09 16:45:24,746 - INFO -     → sub-0002/ses-01/func/sub-0002_ses-01_task-rest_run-6_echo-1_bold.gz
2026-02-09 16:45:24,746 - INFO -   MB3_3echo_resting_6_e1.json
2026-02-09 16:45:24,746 - INFO -     → sub-0002/ses-01/func/sub-0002_ses-01_task-rest_run-6_echo-1_bold.json
2026-02-09 16:45:24,746 - INFO -   MB3_3echo_resting_6_e2.nii.gz
2026-02-09 16:45:24,746 - INFO -     → sub-0002/ses-01/func/sub-0002_ses-01_task-rest_run-6_echo-2_bold.gz
2026-02-09 16:45:24,746 - INFO -   MB3_3echo_resting_6_e2.json
2026-02-09 16:45:24,747 - INFO -     → sub-0002/ses-01/func/sub-0002_ses-01_task-rest_run-6_echo-2_bold.json
2026-02-09 16:45:24,747 - INFO -   MB3_3echo_resting_6_e3.nii.gz
2026-02-09 16:45:24,747 - INFO -     → sub-0002/ses-01/func/sub-0002_ses-01_task-rest_run-6_echo-3_bold.gz
2026-02-09 16:45:24,747 - INFO -   MB3_3echo_resting_6_e3.json
2026-02-09 16:45:24,747 - INFO -     → sub-0002/ses-01/func/sub-0002_ses-01_task-rest_run-6_echo-3_bold.json
2026-02-09 16:45:24,747 - INFO -   MB3_3echo_resting_9_e1.nii.gz
2026-02-09 16:45:24,747 - INFO -     → sub-0002/ses-01/func/sub-0002_ses-01_task-rest_run-9_echo-1_bold.gz
2026-02-09 16:45:24,747 - INFO -   MB3_3echo_resting_9_e1.json
2026-02-09 16:45:24,747 - INFO -     → sub-0002/ses-01/func/sub-0002_ses-01_task-rest_run-9_echo-1_bold.json
2026-02-09 16:45:24,747 - INFO -   MB3_3echo_resting_9_e2.nii.gz
2026-02-09 16:45:24,747 - INFO -     → sub-0002/ses-01/func/sub-0002_ses-01_task-rest_run-9_echo-2_bold.gz
2026-02-09 16:45:24,747 - INFO -   MB3_3echo_resting_9_e2.json
2026-02-09 16:45:24,747 - INFO -     → sub-0002/ses-01/func/sub-0002_ses-01_task-rest_run-9_echo-2_bold.json
2026-02-09 16:45:24,747 - INFO -   MB3_3echo_resting_9_e3.nii.gz
2026-02-09 16:45:24,748 - INFO -     → sub-0002/ses-01/func/sub-0002_ses-01_task-rest_run-9_echo-3_bold.gz
2026-02-09 16:45:24,748 - INFO -   MB3_3echo_resting_9_e3.json
2026-02-09 16:45:24,748 - INFO -     → sub-0002/ses-01/func/sub-0002_ses-01_task-rest_run-9_echo-3_bold.json
2026-02-09 16:45:24,748 - INFO -   MB3_3echo_resting_refBLIP_11_e1.nii.gz
2026-02-09 16:45:24,748 - INFO -     → sub-0002/ses-01/func/sub-0002_ses-01_task-rest_acq-refBLIP_run-1_echo-1_bold.gz
2026-02-09 16:45:24,748 - INFO -   MB3_3echo_resting_refBLIP_11_e1.json
2026-02-09 16:45:24,748 - INFO -     → sub-0002/ses-01/func/sub-0002_ses-01_task-rest_acq-refBLIP_run-1_echo-1_bold.json
2026-02-09 16:45:24,748 - INFO -   MB3_3echo_resting_refBLIP_11_e2.nii.gz
2026-02-09 16:45:24,748 - INFO -     → sub-0002/ses-01/func/sub-0002_ses-01_task-rest_acq-refBLIP_run-1_echo-2_bold.gz
2026-02-09 16:45:24,748 - INFO -   MB3_3echo_resting_refBLIP_11_e2.json
2026-02-09 16:45:24,748 - INFO -     → sub-0002/ses-01/func/sub-0002_ses-01_task-rest_acq-refBLIP_run-1_echo-2_bold.json
2026-02-09 16:45:24,748 - INFO -   MB3_3echo_resting_refBLIP_11_e3.nii.gz
2026-02-09 16:45:24,748 - INFO -     → sub-0002/ses-01/func/sub-0002_ses-01_task-rest_acq-refBLIP_run-1_echo-3_bold.gz
2026-02-09 16:45:24,748 - INFO -   MB3_3echo_resting_refBLIP_11_e3.json
2026-02-09 16:45:24,748 - INFO -     → sub-0002/ses-01/func/sub-0002_ses-01_task-rest_acq-refBLIP_run-1_echo-3_bold.json
2026-02-09 16:45:24,749 - INFO -   MB3_3echo_resting_refBLIP_12_e1.nii.gz
2026-02-09 16:45:24,749 - INFO -     → sub-0002/ses-01/func/sub-0002_ses-01_task-rest_acq-refBLIP_run-1_echo-1_bold.gz
2026-02-09 16:45:24,749 - INFO -   MB3_3echo_resting_refBLIP_12_e1.json
2026-02-09 16:45:24,749 - INFO -     → sub-0002/ses-01/func/sub-0002_ses-01_task-rest_acq-refBLIP_run-1_echo-1_bold.json
2026-02-09 16:45:24,749 - INFO -   MB3_3echo_resting_refBLIP_12_e2.nii.gz
2026-02-09 16:45:24,749 - INFO -     → sub-0002/ses-01/func/sub-0002_ses-01_task-rest_acq-refBLIP_run-1_echo-2_bold.gz
2026-02-09 16:45:24,749 - INFO -   MB3_3echo_resting_refBLIP_12_e2.json
2026-02-09 16:45:24,749 - INFO -     → sub-0002/ses-01/func/sub-0002_ses-01_task-rest_acq-refBLIP_run-1_echo-2_bold.json
2026-02-09 16:45:24,749 - INFO -   MB3_3echo_resting_refBLIP_12_e3.nii.gz
2026-02-09 16:45:24,749 - INFO -     → sub-0002/ses-01/func/sub-0002_ses-01_task-rest_acq-refBLIP_run-1_echo-3_bold.gz
2026-02-09 16:45:24,749 - INFO -   MB3_3echo_resting_refBLIP_12_e3.json
2026-02-09 16:45:24,749 - INFO -     → sub-0002/ses-01/func/sub-0002_ses-01_task-rest_acq-refBLIP_run-1_echo-3_bold.json
2026-02-09 16:45:24,750 - INFO -   MB3_EP2D_diff_D30_b700_AP_15.nii.gz
2026-02-09 16:45:24,750 - INFO -     → sub-0002/ses-01/dwi/sub-0002_ses-01_acq-dir30AP_run-15_dwi.gz
2026-02-09 16:45:24,750 - INFO -   MB3_EP2D_diff_D30_b700_AP_15.json
2026-02-09 16:45:24,750 - INFO -     → sub-0002/ses-01/dwi/sub-0002_ses-01_acq-dir30AP_run-15_dwi.json
2026-02-09 16:45:24,750 - INFO -   MB3_EP2D_diff_D30_b700_AP_15.bval
2026-02-09 16:45:24,750 - INFO -     → sub-0002/ses-01/dwi/sub-0002_ses-01_acq-dir30AP_run-15_dwi.bval
2026-02-09 16:45:24,750 - INFO -   MB3_EP2D_diff_D30_b700_AP_15.bvec
2026-02-09 16:45:24,750 - INFO -     → sub-0002/ses-01/dwi/sub-0002_ses-01_acq-dir30AP_run-15_dwi.bvec
2026-02-09 16:45:24,750 - INFO -   MB3_EP2D_diff_D30_b700_PA_blip_16.nii.gz
2026-02-09 16:45:24,750 - INFO -     → sub-0002/ses-01/dwi/sub-0002_ses-01_acq-dir30PA_run-16_dwi.gz
2026-02-09 16:45:24,750 - INFO -   MB3_EP2D_diff_D30_b700_PA_blip_16.json
2026-02-09 16:45:24,750 - INFO -     → sub-0002/ses-01/dwi/sub-0002_ses-01_acq-dir30PA_run-16_dwi.json
2026-02-09 16:45:24,750 - INFO -   MB3_EP2D_diff_D30_b700_PA_blip_16.bval
2026-02-09 16:45:24,751 - INFO -     → sub-0002/ses-01/dwi/sub-0002_ses-01_acq-dir30PA_run-16_dwi.bval
2026-02-09 16:45:24,751 - INFO -   MB3_EP2D_diff_D30_b700_PA_blip_16.bvec
2026-02-09 16:45:24,751 - INFO -     → sub-0002/ses-01/dwi/sub-0002_ses-01_acq-dir30PA_run-16_dwi.bvec
2026-02-09 16:45:24,751 - INFO -   MB3_EP2D_diff_D60_AP_13.nii.gz
2026-02-09 16:45:24,751 - INFO -     → sub-0002/ses-01/dwi/sub-0002_ses-01_dwi.gz
2026-02-09 16:45:24,751 - INFO -   MB3_EP2D_diff_D60_AP_13.json
2026-02-09 16:45:24,751 - INFO -     → sub-0002/ses-01/dwi/sub-0002_ses-01_dwi.json
2026-02-09 16:45:24,751 - INFO -   MB3_EP2D_diff_D60_AP_13.bval
2026-02-09 16:45:24,751 - INFO -     → sub-0002/ses-01/dwi/sub-0002_ses-01_dwi.bval
2026-02-09 16:45:24,751 - INFO -   MB3_EP2D_diff_D60_AP_13.bvec
2026-02-09 16:45:24,751 - INFO -     → sub-0002/ses-01/dwi/sub-0002_ses-01_dwi.bvec
2026-02-09 16:45:24,751 - INFO -   MB3_EP2D_diff_D60_PA_blip_14.nii.gz
2026-02-09 16:45:24,751 - INFO -     → sub-0002/ses-01/dwi/sub-0002_ses-01_dwi.gz
2026-02-09 16:45:24,751 - INFO -   MB3_EP2D_diff_D60_PA_blip_14.json
2026-02-09 16:45:24,752 - INFO -     → sub-0002/ses-01/dwi/sub-0002_ses-01_dwi.json
2026-02-09 16:45:24,752 - INFO -   MB3_EP2D_diff_D60_PA_blip_14.bval
2026-02-09 16:45:24,752 - INFO -     → sub-0002/ses-01/dwi/sub-0002_ses-01_dwi.bval
2026-02-09 16:45:24,752 - INFO -   MB3_EP2D_diff_D60_PA_blip_14.bvec
2026-02-09 16:45:24,752 - INFO -     → sub-0002/ses-01/dwi/sub-0002_ses-01_dwi.bvec
2026-02-09 16:45:24,752 - INFO -   MB3_EP2D_diff_D8_b300_AP_17.nii.gz
2026-02-09 16:45:24,752 - INFO -     → sub-0002/ses-01/dwi/sub-0002_ses-01_acq-dir8AP_run-17_dwi.gz
2026-02-09 16:45:24,752 - INFO -   MB3_EP2D_diff_D8_b300_AP_17.json
2026-02-09 16:45:24,752 - INFO -     → sub-0002/ses-01/dwi/sub-0002_ses-01_acq-dir8AP_run-17_dwi.json
2026-02-09 16:45:24,752 - INFO -   MB3_EP2D_diff_D8_b300_AP_17.bval
2026-02-09 16:45:24,752 - INFO -     → sub-0002/ses-01/dwi/sub-0002_ses-01_acq-dir8AP_run-17_dwi.bval
2026-02-09 16:45:24,752 - INFO -   MB3_EP2D_diff_D8_b300_AP_17.bvec
2026-02-09 16:45:24,753 - INFO -     → sub-0002/ses-01/dwi/sub-0002_ses-01_acq-dir8AP_run-17_dwi.bvec
2026-02-09 16:45:24,753 - INFO -   MB3_EP2D_diff_D8_b300_PA_blip_18.nii.gz
2026-02-09 16:45:24,753 - INFO -     → sub-0002/ses-01/dwi/sub-0002_ses-01_acq-dir8PA_run-18_dwi.gz
2026-02-09 16:45:24,753 - INFO -   MB3_EP2D_diff_D8_b300_PA_blip_18.json
2026-02-09 16:45:24,753 - INFO -     → sub-0002/ses-01/dwi/sub-0002_ses-01_acq-dir8PA_run-18_dwi.json
2026-02-09 16:45:24,753 - INFO -   MB3_EP2D_diff_D8_b300_PA_blip_18.bval
2026-02-09 16:45:24,753 - INFO -     → sub-0002/ses-01/dwi/sub-0002_ses-01_acq-dir8PA_run-18_dwi.bval
2026-02-09 16:45:24,753 - INFO -   MB3_EP2D_diff_D8_b300_PA_blip_18.bvec
2026-02-09 16:45:24,753 - INFO -     → sub-0002/ses-01/dwi/sub-0002_ses-01_acq-dir8PA_run-18_dwi.bvec
2026-02-09 16:45:24,753 - INFO -   LOCAHASTE_1_i00001.nii.gz
2026-02-09 16:45:24,753 - INFO -     → sub-0002/ses-01/anat/sub-0002_ses-01_acq-localizer_run-00001_T2w.gz
2026-02-09 16:45:24,753 - INFO -   LOCAHASTE_1_i00001.json
2026-02-09 16:45:24,754 - INFO -     → sub-0002/ses-01/anat/sub-0002_ses-01_acq-localizer_run-00001_T2w.json
2026-02-09 16:45:24,754 - INFO -   LOCAHASTE_1_i00008.nii.gz
2026-02-09 16:45:24,754 - INFO -     → sub-0002/ses-01/anat/sub-0002_ses-01_acq-localizer_run-00008_T2w.gz
2026-02-09 16:45:24,754 - INFO -   LOCAHASTE_1_i00008.json
2026-02-09 16:45:24,754 - INFO -     → sub-0002/ses-01/anat/sub-0002_ses-01_acq-localizer_run-00008_T2w.json
2026-02-09 16:45:24,754 - INFO -   LOCAHASTE_1_i00009.nii.gz
2026-02-09 16:45:24,754 - INFO -     → sub-0002/ses-01/anat/sub-0002_ses-01_acq-localizer_run-00009_T2w.gz
2026-02-09 16:45:24,754 - INFO -   LOCAHASTE_1_i00009.json
2026-02-09 16:45:24,755 - INFO -     → sub-0002/ses-01/anat/sub-0002_ses-01_acq-localizer_run-00009_T2w.json
2026-02-09 16:45:24,755 - INFO -   LOCAHASTE_7_i00001.nii.gz
2026-02-09 16:45:24,755 - INFO -     → sub-0002/ses-01/anat/sub-0002_ses-01_acq-localizer_run-00001_T2w.gz
2026-02-09 16:45:24,755 - INFO -   LOCAHASTE_7_i00001.json
2026-02-09 16:45:24,755 - INFO -     → sub-0002/ses-01/anat/sub-0002_ses-01_acq-localizer_run-00001_T2w.json
2026-02-09 16:45:24,755 - INFO -   LOCAHASTE_7_i00008.nii.gz
2026-02-09 16:45:24,755 - INFO -     → sub-0002/ses-01/anat/sub-0002_ses-01_acq-localizer_run-00008_T2w.gz
2026-02-09 16:45:24,755 - INFO -   LOCAHASTE_7_i00008.json
2026-02-09 16:45:24,755 - INFO -     → sub-0002/ses-01/anat/sub-0002_ses-01_acq-localizer_run-00008_T2w.json
2026-02-09 16:45:24,755 - INFO -   LOCAHASTE_7_i00009.nii.gz
2026-02-09 16:45:24,755 - INFO -     → sub-0002/ses-01/anat/sub-0002_ses-01_acq-localizer_run-00009_T2w.gz
2026-02-09 16:45:24,756 - INFO -   LOCAHASTE_7_i00009.json
2026-02-09 16:45:24,756 - INFO -     → sub-0002/ses-01/anat/sub-0002_ses-01_acq-localizer_run-00009_T2w.json
2026-02-09 16:45:24,756 - INFO - 
TOTAL: 80 fichiers à copier
2026-02-09 16:45:24,756 - INFO - ================================================================================
2026-02-09 16:45:24,756 - INFO - COPIE DES FICHIERS VERS BIDS
2026-02-09 16:45:24,756 - INFO - ================================================================================
2026-02-09 16:45:24,759 - INFO -   3DT1_2.nii.gz
2026-02-09 16:45:24,759 - INFO -     → sub-0002/ses-01/anat/sub-0002_ses-01_run-2_T1w.gz
2026-02-09 16:45:24,759 - INFO -   3DT1_2.json
2026-02-09 16:45:24,759 - INFO -     → sub-0002/ses-01/anat/sub-0002_ses-01_run-2_T1w.json
2026-02-09 16:45:24,759 - INFO -   3DT1_3.nii.gz
2026-02-09 16:45:24,759 - INFO -     → sub-0002/ses-01/anat/sub-0002_ses-01_run-3_T1w.gz
2026-02-09 16:45:24,759 - INFO -   3DT1_3.json
2026-02-09 16:45:24,760 - INFO -     → sub-0002/ses-01/anat/sub-0002_ses-01_run-3_T1w.json
2026-02-09 16:45:24,760 - INFO -   3DFLAIR_4.nii.gz
2026-02-09 16:45:24,760 - INFO -     → sub-0002/ses-01/anat/sub-0002_ses-01_run-4_FLAIR.gz
2026-02-09 16:45:24,760 - INFO -   3DFLAIR_4.json
2026-02-09 16:45:24,760 - INFO -     → sub-0002/ses-01/anat/sub-0002_ses-01_run-4_FLAIR.json
2026-02-09 16:45:24,760 - INFO -   3DFLAIR_8.nii.gz
2026-02-09 16:45:24,760 - INFO -     → sub-0002/ses-01/anat/sub-0002_ses-01_run-8_FLAIR.gz
2026-02-09 16:45:24,760 - INFO -   3DFLAIR_8.json
2026-02-09 16:45:24,760 - INFO -     → sub-0002/ses-01/anat/sub-0002_ses-01_run-8_FLAIR.json
2026-02-09 16:45:24,760 - INFO -   MB3_3echo_resting_10_e1.nii.gz
2026-02-09 16:45:24,760 - INFO -     → sub-0002/ses-01/func/sub-0002_ses-01_task-rest_run-10_echo-1_bold.gz
2026-02-09 16:45:24,760 - INFO -   MB3_3echo_resting_10_e1.json
2026-02-09 16:45:24,760 - INFO -     → sub-0002/ses-01/func/sub-0002_ses-01_task-rest_run-10_echo-1_bold.json
2026-02-09 16:45:24,760 - INFO -   MB3_3echo_resting_10_e2.nii.gz
2026-02-09 16:45:24,760 - INFO -     → sub-0002/ses-01/func/sub-0002_ses-01_task-rest_run-10_echo-2_bold.gz
2026-02-09 16:45:24,761 - INFO -   MB3_3echo_resting_10_e2.json
2026-02-09 16:45:24,761 - INFO -     → sub-0002/ses-01/func/sub-0002_ses-01_task-rest_run-10_echo-2_bold.json
2026-02-09 16:45:24,761 - INFO -   MB3_3echo_resting_10_e3.nii.gz
2026-02-09 16:45:24,761 - INFO -     → sub-0002/ses-01/func/sub-0002_ses-01_task-rest_run-10_echo-3_bold.gz
2026-02-09 16:45:24,761 - INFO -   MB3_3echo_resting_10_e3.json
2026-02-09 16:45:24,761 - INFO -     → sub-0002/ses-01/func/sub-0002_ses-01_task-rest_run-10_echo-3_bold.json
2026-02-09 16:45:24,761 - INFO -   MB3_3echo_resting_5_e1.nii.gz
2026-02-09 16:45:24,761 - INFO -     → sub-0002/ses-01/func/sub-0002_ses-01_task-rest_run-5_echo-1_bold.gz
2026-02-09 16:45:24,761 - INFO -   MB3_3echo_resting_5_e1.json
2026-02-09 16:45:24,761 - INFO -     → sub-0002/ses-01/func/sub-0002_ses-01_task-rest_run-5_echo-1_bold.json
2026-02-09 16:45:24,761 - INFO -   MB3_3echo_resting_5_e2.nii.gz
2026-02-09 16:45:24,761 - INFO -     → sub-0002/ses-01/func/sub-0002_ses-01_task-rest_run-5_echo-2_bold.gz
2026-02-09 16:45:24,761 - INFO -   MB3_3echo_resting_5_e2.json
2026-02-09 16:45:24,761 - INFO -     → sub-0002/ses-01/func/sub-0002_ses-01_task-rest_run-5_echo-2_bold.json
2026-02-09 16:45:24,761 - INFO -   MB3_3echo_resting_5_e3.nii.gz
2026-02-09 16:45:24,762 - INFO -     → sub-0002/ses-01/func/sub-0002_ses-01_task-rest_run-5_echo-3_bold.gz
2026-02-09 16:45:24,762 - INFO -   MB3_3echo_resting_5_e3.json
2026-02-09 16:45:24,762 - INFO -     → sub-0002/ses-01/func/sub-0002_ses-01_task-rest_run-5_echo-3_bold.json
2026-02-09 16:45:24,762 - INFO -   MB3_3echo_resting_6_e1.nii.gz
2026-02-09 16:45:24,762 - INFO -     → sub-0002/ses-01/func/sub-0002_ses-01_task-rest_run-6_echo-1_bold.gz
2026-02-09 16:45:24,762 - INFO -   MB3_3echo_resting_6_e1.json
2026-02-09 16:45:24,762 - INFO -     → sub-0002/ses-01/func/sub-0002_ses-01_task-rest_run-6_echo-1_bold.json
2026-02-09 16:45:24,762 - INFO -   MB3_3echo_resting_6_e2.nii.gz
2026-02-09 16:45:24,762 - INFO -     → sub-0002/ses-01/func/sub-0002_ses-01_task-rest_run-6_echo-2_bold.gz
2026-02-09 16:45:24,762 - INFO -   MB3_3echo_resting_6_e2.json
2026-02-09 16:45:24,762 - INFO -     → sub-0002/ses-01/func/sub-0002_ses-01_task-rest_run-6_echo-2_bold.json
2026-02-09 16:45:24,762 - INFO -   MB3_3echo_resting_6_e3.nii.gz
2026-02-09 16:45:24,762 - INFO -     → sub-0002/ses-01/func/sub-0002_ses-01_task-rest_run-6_echo-3_bold.gz
2026-02-09 16:45:24,762 - INFO -   MB3_3echo_resting_6_e3.json
2026-02-09 16:45:24,762 - INFO -     → sub-0002/ses-01/func/sub-0002_ses-01_task-rest_run-6_echo-3_bold.json
2026-02-09 16:45:24,762 - INFO -   MB3_3echo_resting_9_e1.nii.gz
2026-02-09 16:45:24,762 - INFO -     → sub-0002/ses-01/func/sub-0002_ses-01_task-rest_run-9_echo-1_bold.gz
2026-02-09 16:45:24,763 - INFO -   MB3_3echo_resting_9_e1.json
2026-02-09 16:45:24,763 - INFO -     → sub-0002/ses-01/func/sub-0002_ses-01_task-rest_run-9_echo-1_bold.json
2026-02-09 16:45:24,763 - INFO -   MB3_3echo_resting_9_e2.nii.gz
2026-02-09 16:45:24,763 - INFO -     → sub-0002/ses-01/func/sub-0002_ses-01_task-rest_run-9_echo-2_bold.gz
2026-02-09 16:45:24,763 - INFO -   MB3_3echo_resting_9_e2.json
2026-02-09 16:45:24,763 - INFO -     → sub-0002/ses-01/func/sub-0002_ses-01_task-rest_run-9_echo-2_bold.json
2026-02-09 16:45:24,763 - INFO -   MB3_3echo_resting_9_e3.nii.gz
2026-02-09 16:45:24,763 - INFO -     → sub-0002/ses-01/func/sub-0002_ses-01_task-rest_run-9_echo-3_bold.gz
2026-02-09 16:45:24,763 - INFO -   MB3_3echo_resting_9_e3.json
2026-02-09 16:45:24,763 - INFO -     → sub-0002/ses-01/func/sub-0002_ses-01_task-rest_run-9_echo-3_bold.json
2026-02-09 16:45:24,763 - INFO -   MB3_3echo_resting_refBLIP_11_e1.nii.gz
2026-02-09 16:45:24,763 - INFO -     → sub-0002/ses-01/func/sub-0002_ses-01_task-rest_acq-refBLIP_run-1_echo-1_bold.gz
2026-02-09 16:45:24,763 - INFO -   MB3_3echo_resting_refBLIP_11_e1.json
2026-02-09 16:45:24,763 - INFO -     → sub-0002/ses-01/func/sub-0002_ses-01_task-rest_acq-refBLIP_run-1_echo-1_bold.json
2026-02-09 16:45:24,763 - INFO -   MB3_3echo_resting_refBLIP_11_e2.nii.gz
2026-02-09 16:45:24,763 - INFO -     → sub-0002/ses-01/func/sub-0002_ses-01_task-rest_acq-refBLIP_run-1_echo-2_bold.gz
2026-02-09 16:45:24,764 - INFO -   MB3_3echo_resting_refBLIP_11_e2.json
2026-02-09 16:45:24,764 - INFO -     → sub-0002/ses-01/func/sub-0002_ses-01_task-rest_acq-refBLIP_run-1_echo-2_bold.json
2026-02-09 16:45:24,764 - INFO -   MB3_3echo_resting_refBLIP_11_e3.nii.gz
2026-02-09 16:45:24,764 - INFO -     → sub-0002/ses-01/func/sub-0002_ses-01_task-rest_acq-refBLIP_run-1_echo-3_bold.gz
2026-02-09 16:45:24,764 - INFO -   MB3_3echo_resting_refBLIP_11_e3.json
2026-02-09 16:45:24,764 - INFO -     → sub-0002/ses-01/func/sub-0002_ses-01_task-rest_acq-refBLIP_run-1_echo-3_bold.json
2026-02-09 16:45:24,764 - INFO -   MB3_3echo_resting_refBLIP_12_e1.nii.gz
2026-02-09 16:45:24,764 - INFO -     → sub-0002/ses-01/func/sub-0002_ses-01_task-rest_acq-refBLIP_run-1_echo-1_bold.gz
2026-02-09 16:45:24,764 - INFO -   MB3_3echo_resting_refBLIP_12_e1.json
2026-02-09 16:45:24,764 - INFO -     → sub-0002/ses-01/func/sub-0002_ses-01_task-rest_acq-refBLIP_run-1_echo-1_bold.json
2026-02-09 16:45:24,764 - INFO -   MB3_3echo_resting_refBLIP_12_e2.nii.gz
2026-02-09 16:45:24,764 - INFO -     → sub-0002/ses-01/func/sub-0002_ses-01_task-rest_acq-refBLIP_run-1_echo-2_bold.gz
2026-02-09 16:45:24,764 - INFO -   MB3_3echo_resting_refBLIP_12_e2.json
2026-02-09 16:45:24,764 - INFO -     → sub-0002/ses-01/func/sub-0002_ses-01_task-rest_acq-refBLIP_run-1_echo-2_bold.json
2026-02-09 16:45:24,764 - INFO -   MB3_3echo_resting_refBLIP_12_e3.nii.gz
2026-02-09 16:45:24,764 - INFO -     → sub-0002/ses-01/func/sub-0002_ses-01_task-rest_acq-refBLIP_run-1_echo-3_bold.gz
2026-02-09 16:45:24,765 - INFO -   MB3_3echo_resting_refBLIP_12_e3.json
2026-02-09 16:45:24,765 - INFO -     → sub-0002/ses-01/func/sub-0002_ses-01_task-rest_acq-refBLIP_run-1_echo-3_bold.json
2026-02-09 16:45:24,765 - INFO -   MB3_EP2D_diff_D30_b700_AP_15.nii.gz
2026-02-09 16:45:24,765 - INFO -     → sub-0002/ses-01/dwi/sub-0002_ses-01_acq-dir30AP_run-15_dwi.gz
2026-02-09 16:45:24,765 - INFO -   MB3_EP2D_diff_D30_b700_AP_15.json
2026-02-09 16:45:24,765 - INFO -     → sub-0002/ses-01/dwi/sub-0002_ses-01_acq-dir30AP_run-15_dwi.json
2026-02-09 16:45:24,765 - INFO -   MB3_EP2D_diff_D30_b700_AP_15.bval
2026-02-09 16:45:24,765 - INFO -     → sub-0002/ses-01/dwi/sub-0002_ses-01_acq-dir30AP_run-15_dwi.bval
2026-02-09 16:45:24,765 - INFO -   MB3_EP2D_diff_D30_b700_AP_15.bvec
2026-02-09 16:45:24,765 - INFO -     → sub-0002/ses-01/dwi/sub-0002_ses-01_acq-dir30AP_run-15_dwi.bvec
2026-02-09 16:45:24,765 - INFO -   MB3_EP2D_diff_D30_b700_PA_blip_16.nii.gz
2026-02-09 16:45:24,765 - INFO -     → sub-0002/ses-01/dwi/sub-0002_ses-01_acq-dir30PA_run-16_dwi.gz
2026-02-09 16:45:24,765 - INFO -   MB3_EP2D_diff_D30_b700_PA_blip_16.json
2026-02-09 16:45:24,765 - INFO -     → sub-0002/ses-01/dwi/sub-0002_ses-01_acq-dir30PA_run-16_dwi.json
2026-02-09 16:45:24,765 - INFO -   MB3_EP2D_diff_D30_b700_PA_blip_16.bval
2026-02-09 16:45:24,765 - INFO -     → sub-0002/ses-01/dwi/sub-0002_ses-01_acq-dir30PA_run-16_dwi.bval
2026-02-09 16:45:24,766 - INFO -   MB3_EP2D_diff_D30_b700_PA_blip_16.bvec
2026-02-09 16:45:24,766 - INFO -     → sub-0002/ses-01/dwi/sub-0002_ses-01_acq-dir30PA_run-16_dwi.bvec
2026-02-09 16:45:24,766 - INFO -   MB3_EP2D_diff_D60_AP_13.nii.gz
2026-02-09 16:45:24,766 - INFO -     → sub-0002/ses-01/dwi/sub-0002_ses-01_dwi.gz
2026-02-09 16:45:24,766 - INFO -   MB3_EP2D_diff_D60_AP_13.json
2026-02-09 16:45:24,766 - INFO -     → sub-0002/ses-01/dwi/sub-0002_ses-01_dwi.json
2026-02-09 16:45:24,766 - INFO -   MB3_EP2D_diff_D60_AP_13.bval
2026-02-09 16:45:24,766 - INFO -     → sub-0002/ses-01/dwi/sub-0002_ses-01_dwi.bval
2026-02-09 16:45:24,766 - INFO -   MB3_EP2D_diff_D60_AP_13.bvec
2026-02-09 16:45:24,766 - INFO -     → sub-0002/ses-01/dwi/sub-0002_ses-01_dwi.bvec
2026-02-09 16:45:24,766 - INFO -   MB3_EP2D_diff_D60_PA_blip_14.nii.gz
2026-02-09 16:45:24,766 - INFO -     → sub-0002/ses-01/dwi/sub-0002_ses-01_dwi.gz
2026-02-09 16:45:24,766 - INFO -   MB3_EP2D_diff_D60_PA_blip_14.json
2026-02-09 16:45:24,766 - INFO -     → sub-0002/ses-01/dwi/sub-0002_ses-01_dwi.json
2026-02-09 16:45:24,766 - INFO -   MB3_EP2D_diff_D60_PA_blip_14.bval
2026-02-09 16:45:24,766 - INFO -     → sub-0002/ses-01/dwi/sub-0002_ses-01_dwi.bval
2026-02-09 16:45:24,766 - INFO -   MB3_EP2D_diff_D60_PA_blip_14.bvec
2026-02-09 16:45:24,767 - INFO -     → sub-0002/ses-01/dwi/sub-0002_ses-01_dwi.bvec
2026-02-09 16:45:24,767 - INFO -   MB3_EP2D_diff_D8_b300_AP_17.nii.gz
2026-02-09 16:45:24,767 - INFO -     → sub-0002/ses-01/dwi/sub-0002_ses-01_acq-dir8AP_run-17_dwi.gz
2026-02-09 16:45:24,767 - INFO -   MB3_EP2D_diff_D8_b300_AP_17.json
2026-02-09 16:45:24,767 - INFO -     → sub-0002/ses-01/dwi/sub-0002_ses-01_acq-dir8AP_run-17_dwi.json
2026-02-09 16:45:24,767 - INFO -   MB3_EP2D_diff_D8_b300_AP_17.bval
2026-02-09 16:45:24,767 - INFO -     → sub-0002/ses-01/dwi/sub-0002_ses-01_acq-dir8AP_run-17_dwi.bval
2026-02-09 16:45:24,767 - INFO -   MB3_EP2D_diff_D8_b300_AP_17.bvec
2026-02-09 16:45:24,767 - INFO -     → sub-0002/ses-01/dwi/sub-0002_ses-01_acq-dir8AP_run-17_dwi.bvec
2026-02-09 16:45:24,767 - INFO -   MB3_EP2D_diff_D8_b300_PA_blip_18.nii.gz
2026-02-09 16:45:24,767 - INFO -     → sub-0002/ses-01/dwi/sub-0002_ses-01_acq-dir8PA_run-18_dwi.gz
2026-02-09 16:45:24,767 - INFO -   MB3_EP2D_diff_D8_b300_PA_blip_18.json
2026-02-09 16:45:24,767 - INFO -     → sub-0002/ses-01/dwi/sub-0002_ses-01_acq-dir8PA_run-18_dwi.json
2026-02-09 16:45:24,767 - INFO -   MB3_EP2D_diff_D8_b300_PA_blip_18.bval
2026-02-09 16:45:24,767 - INFO -     → sub-0002/ses-01/dwi/sub-0002_ses-01_acq-dir8PA_run-18_dwi.bval
2026-02-09 16:45:24,767 - INFO -   MB3_EP2D_diff_D8_b300_PA_blip_18.bvec
2026-02-09 16:45:24,768 - INFO -     → sub-0002/ses-01/dwi/sub-0002_ses-01_acq-dir8PA_run-18_dwi.bvec
2026-02-09 16:45:24,768 - INFO -   LOCAHASTE_1_i00001.nii.gz
2026-02-09 16:45:24,768 - INFO -     → sub-0002/ses-01/anat/sub-0002_ses-01_acq-localizer_run-00001_T2w.gz
2026-02-09 16:45:24,768 - INFO -   LOCAHASTE_1_i00001.json
2026-02-09 16:45:24,768 - INFO -     → sub-0002/ses-01/anat/sub-0002_ses-01_acq-localizer_run-00001_T2w.json
2026-02-09 16:45:24,768 - INFO -   LOCAHASTE_1_i00008.nii.gz
2026-02-09 16:45:24,768 - INFO -     → sub-0002/ses-01/anat/sub-0002_ses-01_acq-localizer_run-00008_T2w.gz
2026-02-09 16:45:24,768 - INFO -   LOCAHASTE_1_i00008.json
2026-02-09 16:45:24,768 - INFO -     → sub-0002/ses-01/anat/sub-0002_ses-01_acq-localizer_run-00008_T2w.json
2026-02-09 16:45:24,768 - INFO -   LOCAHASTE_1_i00009.nii.gz
2026-02-09 16:45:24,768 - INFO -     → sub-0002/ses-01/anat/sub-0002_ses-01_acq-localizer_run-00009_T2w.gz
2026-02-09 16:45:24,768 - INFO -   LOCAHASTE_1_i00009.json
2026-02-09 16:45:24,768 - INFO -     → sub-0002/ses-01/anat/sub-0002_ses-01_acq-localizer_run-00009_T2w.json
2026-02-09 16:45:24,768 - INFO -   LOCAHASTE_7_i00001.nii.gz
2026-02-09 16:45:24,769 - INFO -     → sub-0002/ses-01/anat/sub-0002_ses-01_acq-localizer_run-00001_T2w.gz
2026-02-09 16:45:24,769 - INFO -   LOCAHASTE_7_i00001.json
2026-02-09 16:45:24,769 - INFO -     → sub-0002/ses-01/anat/sub-0002_ses-01_acq-localizer_run-00001_T2w.json
2026-02-09 16:45:24,769 - INFO -   LOCAHASTE_7_i00008.nii.gz
2026-02-09 16:45:24,769 - INFO -     → sub-0002/ses-01/anat/sub-0002_ses-01_acq-localizer_run-00008_T2w.gz
2026-02-09 16:45:24,769 - INFO -   LOCAHASTE_7_i00008.json
2026-02-09 16:45:24,769 - INFO -     → sub-0002/ses-01/anat/sub-0002_ses-01_acq-localizer_run-00008_T2w.json
2026-02-09 16:45:24,769 - INFO -   LOCAHASTE_7_i00009.nii.gz
2026-02-09 16:45:24,769 - INFO -     → sub-0002/ses-01/anat/sub-0002_ses-01_acq-localizer_run-00009_T2w.gz
2026-02-09 16:45:24,769 - INFO -   LOCAHASTE_7_i00009.json
2026-02-09 16:45:24,769 - INFO -     → sub-0002/ses-01/anat/sub-0002_ses-01_acq-localizer_run-00009_T2w.json
2026-02-09 16:45:24,769 - INFO - 
TOTAL: 80 fichiers à copier
